2019-10-01 19:13:41 [-][-][-][error][craft\db\Connection::open] Connection::dsn cannot be empty.
2019-10-01 19:13:41 [-][-][-][error][craft\base\ApplicationTrait::getIsDbConnectionValid] There was a problem connecting to the database: Craft CMS can’t connect to the database with the credentials in config/db.php.
2019-10-01 19:13:41 [-][-][-][trace][yii\base\Application::bootstrap] Bootstrap with craft\queue\Queue::bootstrap()
2019-10-01 19:13:41 [-][-][-][trace][yii\base\Controller::runAction] Route to run: setup/welcome
2019-10-01 19:13:41 [-][-][-][trace][yii\base\InlineAction::runWithParams] Running action: craft\console\controllers\SetupController::actionWelcome()
2019-10-01 19:13:41 [-][-][-][trace][yii\base\Controller::runAction] Route to run: setup/security-key
2019-10-01 19:13:41 [-][-][-][trace][yii\base\InlineAction::runWithParams] Running action: craft\console\controllers\SetupController::actionSecurityKey()
2019-10-01 19:13:41 [-][-][-][info][application] $_GET = []

$_POST = []

$_FILES = []

$_COOKIE = []

$_SERVER = [
    'GREP_COLOR' => '1;32'
    'HOSTNAME' => 'box5855.bluehost.com'
    'COMPOSER_BINARY' => '/opt/cpanel/composer/bin/composer'
    'SHELL' => '/usr/local/cpanel/bin/jailshell'
    'TERM' => 'xterm'
    'HISTSIZE' => '5000'
    'SSH_CLIENT' => '90.209.48.141 53134 2222'
    'PERL_MB_OPT' => '--install_base /home4/bangsara/perl5'
    'SSH_TTY' => '/dev/pts/1'
    'USER' => 'bangsara'
    'LS_COLORS' => 'rs=0:di=01;34:ln=01;36:mh=00:pi=40;33:so=01;35:do=01;35:bd=40;33;01:cd=40;33;01:or=40;31;01:su=37;41:sg=30;43:ca=30;41:tw=30;42:ow=34;42:st=37;44:ex=01;32:*.tar=01;31:*.tgz=01;31:*.arc=01;31:*.arj=01;31:*.taz=01;31:*.lha=01;31:*.lz4=01;31:*.lzh=01;31:*.lzma=01;31:*.tlz=01;31:*.txz=01;31:*.tzo=01;31:*.t7z=01;31:*.zip=01;31:*.z=01;31:*.Z=01;31:*.dz=01;31:*.gz=01;31:*.lrz=01;31:*.lz=01;31:*.lzo=01;31:*.xz=01;31:*.bz2=01;31:*.bz=01;31:*.tbz=01;31:*.tbz2=01;31:*.tz=01;31:*.deb=01;31:*.rpm=01;31:*.jar=01;31:*.war=01;31:*.ear=01;31:*.sar=01;31:*.rar=01;31:*.alz=01;31:*.ace=01;31:*.zoo=01;31:*.cpio=01;31:*.7z=01;31:*.rz=01;31:*.cab=01;31:*.jpg=01;35:*.jpeg=01;35:*.gif=01;35:*.bmp=01;35:*.pbm=01;35:*.pgm=01;35:*.ppm=01;35:*.tga=01;35:*.xbm=01;35:*.xpm=01;35:*.tif=01;35:*.tiff=01;35:*.png=01;35:*.svg=01;35:*.svgz=01;35:*.mng=01;35:*.pcx=01;35:*.mov=01;35:*.mpg=01;35:*.mpeg=01;35:*.m2v=01;35:*.mkv=01;35:*.webm=01;35:*.ogm=01;35:*.mp4=01;35:*.m4v=01;35:*.mp4v=01;35:*.vob=01;35:*.qt=01;35:*.nuv=01;35:*.wmv=01;35:*.asf=01;35:*.rm=01;35:*.rmvb=01;35:*.flc=01;35:*.avi=01;35:*.fli=01;35:*.flv=01;35:*.gl=01;35:*.dl=01;35:*.xcf=01;35:*.xwd=01;35:*.yuv=01;35:*.cgm=01;35:*.emf=01;35:*.axv=01;35:*.anx=01;35:*.ogv=01;35:*.ogx=01;35:*.aac=00;36:*.au=00;36:*.flac=00;36:*.mid=00;36:*.midi=00;36:*.mka=00;36:*.mp3=00;36:*.mpc=00;36:*.ogg=00;36:*.ra=00;36:*.wav=00;36:*.axa=00;36:*.oga=00;36:*.spx=00;36:*.xspf=00;36:'
    'COMPOSER_ROOT_VERSION' => '1.0.43.2'
    'PATH' => '/home4/bangsara/private_html/craft3/vendor/bin:/usr/local/jdk/bin:/home4/bangsara/perl5/bin:/usr/local/cpanel/3rdparty/lib/path-bin:/usr/local/bin:/usr/bin:/usr/X11R6/bin:/opt/cpanel/composer/bin:/usr/local/bin:/usr/X11R6/bin:/home4/bangsara/bin'
    'MAIL' => '/var/spool/mail/bangsara'
    '_' => '/opt/cpanel/ea-php72/root/usr/bin/php'
    'PWD' => '/home4/bangsara/private_html/craft3'
    'INPUTRC' => '/etc/inputrc'
    'JAVA_HOME' => '/usr/local/jdk'
    'EDITOR' => 'pico'
    'COMPOSER_DEV_MODE' => '1'
    'HOME' => '/home4/bangsara'
    'SHLVL' => '2'
    'GREP_OPTIONS' => '--color'
    'LS_OPTIONS' => '--color=tty -F -a -b -T 0'
    'PERL_LOCAL_LIB_ROOT' => ':/home4/bangsara/perl5'
    'LOGNAME' => 'bangsara'
    'VISUAL' => 'pico'
    'SSH_CONNECTION' => '90.209.48.141 53134 162.241.24.77 2222'
    'CLASSPATH' => '.:/usr/local/jdk/lib/classes.zip'
    'LESSOPEN' => '||/usr/bin/lesspipe.sh %s'
    'PROMPT_COMMAND' => 'history -a'
    'HISTTIMEFORMAT' => '%c : '
    'PERL_MM_OPT' => 'INSTALL_BASE=/home4/bangsara/perl5'
    'PHP_SELF' => 'craft'
    'SCRIPT_NAME' => 'craft'
    'SCRIPT_FILENAME' => 'craft'
    'PATH_TRANSLATED' => 'craft'
    'DOCUMENT_ROOT' => ''
    'REQUEST_TIME_FLOAT' => 1569957221.2673
    'REQUEST_TIME' => 1569957221
    'argv' => [
        0 => 'craft'
        1 => 'setup/welcome'
    ]
    'argc' => 2
    'ENVIRONMENT' => 'dev'
    'SECURITY_KEY' => ''
    'DB_DRIVER' => 'mysql'
    'DB_SERVER' => 'localhost'
    'DB_USER' => 'root'
    'DB_PASSWORD' => ''
    'DB_DATABASE' => ''
    'DB_SCHEMA' => 'public'
    'DB_TABLE_PREFIX' => ''
    'DB_PORT' => ''
]
2019-10-01 19:26:38 [-][-][-][error][craft\db\Connection::open] Connection::dsn cannot be empty.
2019-10-01 19:26:38 [-][-][-][error][craft\base\ApplicationTrait::getIsDbConnectionValid] There was a problem connecting to the database: Craft CMS can’t connect to the database with the credentials in config/db.php.
2019-10-01 19:26:38 [-][-][-][trace][yii\base\Application::bootstrap] Bootstrap with craft\queue\Queue::bootstrap()
2019-10-01 19:26:38 [-][-][-][trace][yii\base\Controller::runAction] Route to run: setup/index
2019-10-01 19:26:38 [-][-][-][trace][yii\base\InlineAction::runWithParams] Running action: craft\console\controllers\SetupController::actionIndex()
2019-10-01 19:26:38 [-][-][-][trace][yii\base\Controller::runAction] Route to run: setup/db-creds
2019-10-01 19:26:38 [-][-][-][trace][yii\base\InlineAction::runWithParams] Running action: craft\console\controllers\SetupController::actionDbCreds()
2019-10-01 19:27:13 [-][-][-][info][yii\db\Connection::open] Opening DB connection: mysql:host=localhost;dbname=bangsara_craft3Timd;port=3306;
2019-10-01 19:27:13 [-][-][-][profile begin][yii\db\Connection::open] Opening DB connection: mysql:host=localhost;dbname=bangsara_craft3Timd;port=3306;
2019-10-01 19:27:13 [-][-][-][profile end][yii\db\Connection::open] Opening DB connection: mysql:host=localhost;dbname=bangsara_craft3Timd;port=3306;
2019-10-01 19:27:13 [-][-][-][info][yii\db\Command::query] SHOW TABLES
2019-10-01 19:27:13 [-][-][-][profile begin][yii\db\Command::query] SHOW TABLES
2019-10-01 19:27:13 [-][-][-][profile end][yii\db\Command::query] SHOW TABLES
2019-10-01 19:26:38 [-][-][-][info][application] $_GET = []

$_POST = []

$_FILES = []

$_COOKIE = []

$_SERVER = [
    'GREP_COLOR' => '1;32'
    'HOSTNAME' => 'box5855.bluehost.com'
    'TERM' => 'xterm'
    'SHELL' => '/usr/local/cpanel/bin/jailshell'
    'HISTSIZE' => '5000'
    'SSH_CLIENT' => '90.209.48.141 53134 2222'
    'PERL_MB_OPT' => '--install_base /home4/bangsara/perl5'
    'SSH_TTY' => '/dev/pts/1'
    'USER' => 'bangsara'
    'LS_COLORS' => 'rs=0:di=01;34:ln=01;36:mh=00:pi=40;33:so=01;35:do=01;35:bd=40;33;01:cd=40;33;01:or=40;31;01:su=37;41:sg=30;43:ca=30;41:tw=30;42:ow=34;42:st=37;44:ex=01;32:*.tar=01;31:*.tgz=01;31:*.arc=01;31:*.arj=01;31:*.taz=01;31:*.lha=01;31:*.lz4=01;31:*.lzh=01;31:*.lzma=01;31:*.tlz=01;31:*.txz=01;31:*.tzo=01;31:*.t7z=01;31:*.zip=01;31:*.z=01;31:*.Z=01;31:*.dz=01;31:*.gz=01;31:*.lrz=01;31:*.lz=01;31:*.lzo=01;31:*.xz=01;31:*.bz2=01;31:*.bz=01;31:*.tbz=01;31:*.tbz2=01;31:*.tz=01;31:*.deb=01;31:*.rpm=01;31:*.jar=01;31:*.war=01;31:*.ear=01;31:*.sar=01;31:*.rar=01;31:*.alz=01;31:*.ace=01;31:*.zoo=01;31:*.cpio=01;31:*.7z=01;31:*.rz=01;31:*.cab=01;31:*.jpg=01;35:*.jpeg=01;35:*.gif=01;35:*.bmp=01;35:*.pbm=01;35:*.pgm=01;35:*.ppm=01;35:*.tga=01;35:*.xbm=01;35:*.xpm=01;35:*.tif=01;35:*.tiff=01;35:*.png=01;35:*.svg=01;35:*.svgz=01;35:*.mng=01;35:*.pcx=01;35:*.mov=01;35:*.mpg=01;35:*.mpeg=01;35:*.m2v=01;35:*.mkv=01;35:*.webm=01;35:*.ogm=01;35:*.mp4=01;35:*.m4v=01;35:*.mp4v=01;35:*.vob=01;35:*.qt=01;35:*.nuv=01;35:*.wmv=01;35:*.asf=01;35:*.rm=01;35:*.rmvb=01;35:*.flc=01;35:*.avi=01;35:*.fli=01;35:*.flv=01;35:*.gl=01;35:*.dl=01;35:*.xcf=01;35:*.xwd=01;35:*.yuv=01;35:*.cgm=01;35:*.emf=01;35:*.axv=01;35:*.anx=01;35:*.ogv=01;35:*.ogx=01;35:*.aac=00;36:*.au=00;36:*.flac=00;36:*.mid=00;36:*.midi=00;36:*.mka=00;36:*.mp3=00;36:*.mpc=00;36:*.ogg=00;36:*.ra=00;36:*.wav=00;36:*.axa=00;36:*.oga=00;36:*.spx=00;36:*.xspf=00;36:'
    'MAIL' => '/var/spool/mail/bangsara'
    'PATH' => '/usr/local/jdk/bin:/home4/bangsara/perl5/bin:/usr/local/cpanel/3rdparty/lib/path-bin:/usr/local/bin:/usr/bin:/usr/X11R6/bin:/opt/cpanel/composer/bin:/usr/local/bin:/usr/X11R6/bin:/home4/bangsara/bin'
    'INPUTRC' => '/etc/inputrc'
    'PWD' => '/home4/bangsara/private_html/craft3'
    'JAVA_HOME' => '/usr/local/jdk'
    'EDITOR' => 'pico'
    'SHLVL' => '1'
    'HOME' => '/home4/bangsara'
    'GREP_OPTIONS' => '--color'
    'LS_OPTIONS' => '--color=tty -F -a -b -T 0'
    'PERL_LOCAL_LIB_ROOT' => ':/home4/bangsara/perl5'
    'LOGNAME' => 'bangsara'
    'VISUAL' => 'pico'
    'CLASSPATH' => '.:/usr/local/jdk/lib/classes.zip'
    'SSH_CONNECTION' => '90.209.48.141 53134 162.241.24.77 2222'
    'LESSOPEN' => '||/usr/bin/lesspipe.sh %s'
    'PROMPT_COMMAND' => 'history -a'
    'PERL_MM_OPT' => 'INSTALL_BASE=/home4/bangsara/perl5'
    'HISTTIMEFORMAT' => '%c : '
    '_' => '/home4/bangsara/private_html/craft3/craft'
    'OLDPWD' => '/home4/bangsara/private_html/craft3/web'
    'PHP_SELF' => '/home4/bangsara/private_html/craft3/craft'
    'SCRIPT_NAME' => '/home4/bangsara/private_html/craft3/craft'
    'SCRIPT_FILENAME' => '/home4/bangsara/private_html/craft3/craft'
    'PATH_TRANSLATED' => '/home4/bangsara/private_html/craft3/craft'
    'DOCUMENT_ROOT' => ''
    'REQUEST_TIME_FLOAT' => 1569957998.8072
    'REQUEST_TIME' => 1569957998
    'argv' => [
        0 => '/home4/bangsara/private_html/craft3/craft'
        1 => 'setup'
    ]
    'argc' => 2
    'ENVIRONMENT' => 'dev'
    'SECURITY_KEY' => '••••••••••••••••••••••••••••••••'
    'DB_DRIVER' => 'mysql'
    'DB_SERVER' => 'localhost'
    'DB_USER' => 'root'
    'DB_PASSWORD' => ''
    'DB_DATABASE' => ''
    'DB_SCHEMA' => 'public'
    'DB_TABLE_PREFIX' => ''
    'DB_PORT' => ''
]
