2019-10-01 12:34:02 [-][1][-][info][yii\db\Connection::open] Opening DB connection: mysql:host=localhost;dbname=bangsara_craft3Timd;port=3306;
2019-10-01 12:34:02 [-][1][-][profile begin][yii\db\Connection::open] Opening DB connection: mysql:host=localhost;dbname=bangsara_craft3Timd;port=3306;
2019-10-01 12:34:02 [-][1][-][profile end][yii\db\Connection::open] Opening DB connection: mysql:host=localhost;dbname=bangsara_craft3Timd;port=3306;
2019-10-01 12:34:02 [-][1][-][info][yii\db\Command::query] SHOW TABLES
2019-10-01 12:34:02 [-][1][-][profile begin][yii\db\Command::query] SHOW TABLES
2019-10-01 12:34:02 [-][1][-][profile end][yii\db\Command::query] SHOW TABLES
2019-10-01 12:34:02 [-][1][-][info][yii\db\Command::query] SELECT `s`.`id`, `s`.`groupId`, `s`.`name`, `s`.`handle`, `language`, `s`.`primary`, `s`.`hasUrls`, `s`.`baseUrl`, `s`.`sortOrder`, `s`.`uid`, `s`.`dateCreated`, `s`.`dateUpdated`
FROM `sites` `s`
INNER JOIN `sitegroups` `sg` ON `sg`.`id` = `s`.`groupId`
WHERE (`s`.`dateDeleted` IS NULL) AND (`sg`.`dateDeleted` IS NULL)
ORDER BY `sg`.`name`, `s`.`sortOrder`
2019-10-01 12:34:02 [-][1][-][profile begin][yii\db\Command::query] SELECT `s`.`id`, `s`.`groupId`, `s`.`name`, `s`.`handle`, `language`, `s`.`primary`, `s`.`hasUrls`, `s`.`baseUrl`, `s`.`sortOrder`, `s`.`uid`, `s`.`dateCreated`, `s`.`dateUpdated`
FROM `sites` `s`
INNER JOIN `sitegroups` `sg` ON `sg`.`id` = `s`.`groupId`
WHERE (`s`.`dateDeleted` IS NULL) AND (`sg`.`dateDeleted` IS NULL)
ORDER BY `sg`.`name`, `s`.`sortOrder`
2019-10-01 12:34:02 [-][1][-][profile end][yii\db\Command::query] SELECT `s`.`id`, `s`.`groupId`, `s`.`name`, `s`.`handle`, `language`, `s`.`primary`, `s`.`hasUrls`, `s`.`baseUrl`, `s`.`sortOrder`, `s`.`uid`, `s`.`dateCreated`, `s`.`dateUpdated`
FROM `sites` `s`
INNER JOIN `sitegroups` `sg` ON `sg`.`id` = `s`.`groupId`
WHERE (`s`.`dateDeleted` IS NULL) AND (`sg`.`dateDeleted` IS NULL)
ORDER BY `sg`.`name`, `s`.`sortOrder`
2019-10-01 12:34:02 [-][1][-][info][yii\db\Command::query] SELECT *
FROM `info`
LIMIT 1
2019-10-01 12:34:02 [-][1][-][profile begin][yii\db\Command::query] SELECT *
FROM `info`
LIMIT 1
2019-10-01 12:34:02 [-][1][-][profile end][yii\db\Command::query] SELECT *
FROM `info`
LIMIT 1
2019-10-01 12:34:02 [-][1][-][info][yii\web\Session::open] Session started
2019-10-01 12:34:02 [-][1][-][info][yii\db\Command::query] SELECT `preferences`
FROM `userpreferences`
WHERE `userId`=1
LIMIT 1
2019-10-01 12:34:02 [-][1][-][profile begin][yii\db\Command::query] SELECT `preferences`
FROM `userpreferences`
WHERE `userId`=1
LIMIT 1
2019-10-01 12:34:02 [-][1][-][profile end][yii\db\Command::query] SELECT `preferences`
FROM `userpreferences`
WHERE `userId`=1
LIMIT 1
2019-10-01 12:34:02 [-][1][-][info][yii\db\Command::query] SELECT `id`, `handle`, `version`, `schemaVersion`, `licenseKeyStatus`, `installDate`, `licensedEdition`
FROM `plugins`
2019-10-01 12:34:02 [-][1][-][profile begin][yii\db\Command::query] SELECT `id`, `handle`, `version`, `schemaVersion`, `licenseKeyStatus`, `installDate`, `licensedEdition`
FROM `plugins`
2019-10-01 12:34:02 [-][1][-][profile end][yii\db\Command::query] SELECT `id`, `handle`, `version`, `schemaVersion`, `licenseKeyStatus`, `installDate`, `licensedEdition`
FROM `plugins`
2019-10-01 12:34:02 [-][1][-][trace][craft\web\Application::_processActionRequest] Route requested: 'queue/run'
2019-10-01 12:34:02 [-][1][-][trace][yii\base\Controller::runAction] Route to run: queue/run
2019-10-01 12:34:02 [-][1][-][info][yii\db\Command::query] SELECT `id`
FROM `sessions`
WHERE (`token`='mUem8QbRyOrly6SbEAWcgTScXkc9dlBJp-mcmFs9ZM9Ogd6Uy6Qwk7-RKOLg6pc3bsEnczux417pC0xoMmbtsPXQf0BIkI7cm5GI') AND (`userId`='1')
LIMIT 1
2019-10-01 12:34:02 [-][1][-][profile begin][yii\db\Command::query] SELECT `id`
FROM `sessions`
WHERE (`token`='mUem8QbRyOrly6SbEAWcgTScXkc9dlBJp-mcmFs9ZM9Ogd6Uy6Qwk7-RKOLg6pc3bsEnczux417pC0xoMmbtsPXQf0BIkI7cm5GI') AND (`userId`='1')
LIMIT 1
2019-10-01 12:34:02 [-][1][-][profile end][yii\db\Command::query] SELECT `id`
FROM `sessions`
WHERE (`token`='mUem8QbRyOrly6SbEAWcgTScXkc9dlBJp-mcmFs9ZM9Ogd6Uy6Qwk7-RKOLg6pc3bsEnczux417pC0xoMmbtsPXQf0BIkI7cm5GI') AND (`userId`='1')
LIMIT 1
2019-10-01 12:34:02 [-][1][-][info][yii\db\Command::query] SHOW FULL COLUMNS FROM `sessions`
2019-10-01 12:34:02 [-][1][-][profile begin][yii\db\Command::query] SHOW FULL COLUMNS FROM `sessions`
2019-10-01 12:34:02 [-][1][-][profile end][yii\db\Command::query] SHOW FULL COLUMNS FROM `sessions`
2019-10-01 12:34:02 [-][1][-][info][yii\db\Command::query] SELECT
    kcu.constraint_name,
    kcu.column_name,
    kcu.referenced_table_name,
    kcu.referenced_column_name
FROM information_schema.referential_constraints AS rc
JOIN information_schema.key_column_usage AS kcu ON
    (
        kcu.constraint_catalog = rc.constraint_catalog OR
        (kcu.constraint_catalog IS NULL AND rc.constraint_catalog IS NULL)
    ) AND
    kcu.constraint_schema = rc.constraint_schema AND
    kcu.constraint_name = rc.constraint_name
WHERE rc.constraint_schema = database() AND kcu.table_schema = database()
AND rc.table_name = 'sessions' AND kcu.table_name = 'sessions'
2019-10-01 12:34:02 [-][1][-][profile begin][yii\db\Command::query] SELECT
    kcu.constraint_name,
    kcu.column_name,
    kcu.referenced_table_name,
    kcu.referenced_column_name
FROM information_schema.referential_constraints AS rc
JOIN information_schema.key_column_usage AS kcu ON
    (
        kcu.constraint_catalog = rc.constraint_catalog OR
        (kcu.constraint_catalog IS NULL AND rc.constraint_catalog IS NULL)
    ) AND
    kcu.constraint_schema = rc.constraint_schema AND
    kcu.constraint_name = rc.constraint_name
WHERE rc.constraint_schema = database() AND kcu.table_schema = database()
AND rc.table_name = 'sessions' AND kcu.table_name = 'sessions'
2019-10-01 12:34:02 [-][1][-][profile end][yii\db\Command::query] SELECT
    kcu.constraint_name,
    kcu.column_name,
    kcu.referenced_table_name,
    kcu.referenced_column_name
FROM information_schema.referential_constraints AS rc
JOIN information_schema.key_column_usage AS kcu ON
    (
        kcu.constraint_catalog = rc.constraint_catalog OR
        (kcu.constraint_catalog IS NULL AND rc.constraint_catalog IS NULL)
    ) AND
    kcu.constraint_schema = rc.constraint_schema AND
    kcu.constraint_name = rc.constraint_name
WHERE rc.constraint_schema = database() AND kcu.table_schema = database()
AND rc.table_name = 'sessions' AND kcu.table_name = 'sessions'
2019-10-01 12:34:02 [-][1][-][info][yii\db\Command::query] SELECT
    kcu.constraint_name,
    kcu.column_name,
    kcu.referenced_table_name,
    kcu.referenced_column_name,
    rc.UPDATE_RULE,
    rc.DELETE_RULE
FROM information_schema.referential_constraints AS rc
JOIN information_schema.key_column_usage AS kcu ON
    (
        kcu.constraint_catalog = rc.constraint_catalog OR
        (kcu.constraint_catalog IS NULL AND rc.constraint_catalog IS NULL)
    ) AND
    kcu.constraint_schema = rc.constraint_schema AND
    kcu.constraint_name = rc.constraint_name
WHERE rc.constraint_schema = database() AND kcu.table_schema = database()
AND rc.table_name = 'sessions' AND kcu.table_name = 'sessions'
2019-10-01 12:34:02 [-][1][-][profile begin][yii\db\Command::query] SELECT
    kcu.constraint_name,
    kcu.column_name,
    kcu.referenced_table_name,
    kcu.referenced_column_name,
    rc.UPDATE_RULE,
    rc.DELETE_RULE
FROM information_schema.referential_constraints AS rc
JOIN information_schema.key_column_usage AS kcu ON
    (
        kcu.constraint_catalog = rc.constraint_catalog OR
        (kcu.constraint_catalog IS NULL AND rc.constraint_catalog IS NULL)
    ) AND
    kcu.constraint_schema = rc.constraint_schema AND
    kcu.constraint_name = rc.constraint_name
WHERE rc.constraint_schema = database() AND kcu.table_schema = database()
AND rc.table_name = 'sessions' AND kcu.table_name = 'sessions'
2019-10-01 12:34:02 [-][1][-][profile end][yii\db\Command::query] SELECT
    kcu.constraint_name,
    kcu.column_name,
    kcu.referenced_table_name,
    kcu.referenced_column_name,
    rc.UPDATE_RULE,
    rc.DELETE_RULE
FROM information_schema.referential_constraints AS rc
JOIN information_schema.key_column_usage AS kcu ON
    (
        kcu.constraint_catalog = rc.constraint_catalog OR
        (kcu.constraint_catalog IS NULL AND rc.constraint_catalog IS NULL)
    ) AND
    kcu.constraint_schema = rc.constraint_schema AND
    kcu.constraint_name = rc.constraint_name
WHERE rc.constraint_schema = database() AND kcu.table_schema = database()
AND rc.table_name = 'sessions' AND kcu.table_name = 'sessions'
2019-10-01 12:34:02 [-][1][-][info][yii\db\Command::execute] UPDATE `sessions` SET `dateUpdated`='2019-10-01 19:34:02' WHERE `id`='1'
2019-10-01 12:34:02 [-][1][-][profile begin][yii\db\Command::execute] UPDATE `sessions` SET `dateUpdated`='2019-10-01 19:34:02' WHERE `id`='1'
2019-10-01 12:34:02 [-][1][-][profile end][yii\db\Command::execute] UPDATE `sessions` SET `dateUpdated`='2019-10-01 19:34:02' WHERE `id`='1'
2019-10-01 12:34:02 [-][1][-][info][yii\db\Command::query] SELECT `fields`.`id`, `fields`.`dateCreated`, `fields`.`dateUpdated`, `fields`.`groupId`, `fields`.`name`, `fields`.`handle`, `fields`.`context`, `fields`.`instructions`, `fields`.`translationMethod`, `fields`.`translationKeyFormat`, `fields`.`type`, `fields`.`settings`, `fields`.`uid`, `fields`.`searchable`
FROM `fields` `fields`
ORDER BY `fields`.`name`, `fields`.`handle`
2019-10-01 12:34:02 [-][1][-][profile begin][yii\db\Command::query] SELECT `fields`.`id`, `fields`.`dateCreated`, `fields`.`dateUpdated`, `fields`.`groupId`, `fields`.`name`, `fields`.`handle`, `fields`.`context`, `fields`.`instructions`, `fields`.`translationMethod`, `fields`.`translationKeyFormat`, `fields`.`type`, `fields`.`settings`, `fields`.`uid`, `fields`.`searchable`
FROM `fields` `fields`
ORDER BY `fields`.`name`, `fields`.`handle`
2019-10-01 12:34:02 [-][1][-][profile end][yii\db\Command::query] SELECT `fields`.`id`, `fields`.`dateCreated`, `fields`.`dateUpdated`, `fields`.`groupId`, `fields`.`name`, `fields`.`handle`, `fields`.`context`, `fields`.`instructions`, `fields`.`translationMethod`, `fields`.`translationKeyFormat`, `fields`.`type`, `fields`.`settings`, `fields`.`uid`, `fields`.`searchable`
FROM `fields` `fields`
ORDER BY `fields`.`name`, `fields`.`handle`
2019-10-01 12:34:02 [-][1][-][info][yii\db\Command::query] SELECT `users`.`password`, `elements`.`id`, `elements`.`fieldLayoutId`, `elements`.`uid`, `elements`.`enabled`, `elements`.`archived`, `elements`.`dateCreated`, `elements`.`dateUpdated`, `elements_sites`.`slug`, `elements_sites`.`siteId`, `elements_sites`.`enabled` AS `enabledForSite`, `elements_sites`.`uri`, `users`.`username`, `users`.`firstName`, `users`.`lastName`, `users`.`email`, `users`.`admin`, `users`.`locked`, `users`.`pending`, `users`.`suspended`, `users`.`lastLoginDate`, `users`.`lockoutDate`, `users`.`photoId`, `users`.`hasDashboard`, `content`.`id` AS `contentId`
FROM (SELECT `elements`.`id` AS `elementsId`, `elements_sites`.`id` AS `elementsSitesId`, `content`.`id` AS `contentId`
FROM `elements` `elements`
INNER JOIN `users` `users` ON `users`.`id` = `elements`.`id`
INNER JOIN `elements_sites` `elements_sites` ON `elements_sites`.`elementId` = `elements`.`id`
INNER JOIN `content` `content` ON (`content`.`elementId` = `elements`.`id`) AND (`content`.`siteId` = `elements_sites`.`siteId`)
WHERE (`elements_sites`.`siteId`='1') AND (`elements`.`id`='1') AND (`elements`.`archived`=FALSE) AND (`elements`.`dateDeleted` IS NULL) AND (`elements`.`draftId` IS NULL) AND (`elements`.`revisionId` IS NULL)
ORDER BY `users`.`username`
LIMIT 1) `subquery`
INNER JOIN `users` `users` ON `users`.`id` = `subquery`.`elementsId`
INNER JOIN `elements` `elements` ON `elements`.`id` = `subquery`.`elementsId`
INNER JOIN `elements_sites` `elements_sites` ON `elements_sites`.`id` = `subquery`.`elementsSitesId`
INNER JOIN `content` `content` ON `content`.`id` = `subquery`.`contentId`
ORDER BY `users`.`username`
2019-10-01 12:34:02 [-][1][-][profile begin][yii\db\Command::query] SELECT `users`.`password`, `elements`.`id`, `elements`.`fieldLayoutId`, `elements`.`uid`, `elements`.`enabled`, `elements`.`archived`, `elements`.`dateCreated`, `elements`.`dateUpdated`, `elements_sites`.`slug`, `elements_sites`.`siteId`, `elements_sites`.`enabled` AS `enabledForSite`, `elements_sites`.`uri`, `users`.`username`, `users`.`firstName`, `users`.`lastName`, `users`.`email`, `users`.`admin`, `users`.`locked`, `users`.`pending`, `users`.`suspended`, `users`.`lastLoginDate`, `users`.`lockoutDate`, `users`.`photoId`, `users`.`hasDashboard`, `content`.`id` AS `contentId`
FROM (SELECT `elements`.`id` AS `elementsId`, `elements_sites`.`id` AS `elementsSitesId`, `content`.`id` AS `contentId`
FROM `elements` `elements`
INNER JOIN `users` `users` ON `users`.`id` = `elements`.`id`
INNER JOIN `elements_sites` `elements_sites` ON `elements_sites`.`elementId` = `elements`.`id`
INNER JOIN `content` `content` ON (`content`.`elementId` = `elements`.`id`) AND (`content`.`siteId` = `elements_sites`.`siteId`)
WHERE (`elements_sites`.`siteId`='1') AND (`elements`.`id`='1') AND (`elements`.`archived`=FALSE) AND (`elements`.`dateDeleted` IS NULL) AND (`elements`.`draftId` IS NULL) AND (`elements`.`revisionId` IS NULL)
ORDER BY `users`.`username`
LIMIT 1) `subquery`
INNER JOIN `users` `users` ON `users`.`id` = `subquery`.`elementsId`
INNER JOIN `elements` `elements` ON `elements`.`id` = `subquery`.`elementsId`
INNER JOIN `elements_sites` `elements_sites` ON `elements_sites`.`id` = `subquery`.`elementsSitesId`
INNER JOIN `content` `content` ON `content`.`id` = `subquery`.`contentId`
ORDER BY `users`.`username`
2019-10-01 12:34:02 [-][1][-][profile end][yii\db\Command::query] SELECT `users`.`password`, `elements`.`id`, `elements`.`fieldLayoutId`, `elements`.`uid`, `elements`.`enabled`, `elements`.`archived`, `elements`.`dateCreated`, `elements`.`dateUpdated`, `elements_sites`.`slug`, `elements_sites`.`siteId`, `elements_sites`.`enabled` AS `enabledForSite`, `elements_sites`.`uri`, `users`.`username`, `users`.`firstName`, `users`.`lastName`, `users`.`email`, `users`.`admin`, `users`.`locked`, `users`.`pending`, `users`.`suspended`, `users`.`lastLoginDate`, `users`.`lockoutDate`, `users`.`photoId`, `users`.`hasDashboard`, `content`.`id` AS `contentId`
FROM (SELECT `elements`.`id` AS `elementsId`, `elements_sites`.`id` AS `elementsSitesId`, `content`.`id` AS `contentId`
FROM `elements` `elements`
INNER JOIN `users` `users` ON `users`.`id` = `elements`.`id`
INNER JOIN `elements_sites` `elements_sites` ON `elements_sites`.`elementId` = `elements`.`id`
INNER JOIN `content` `content` ON (`content`.`elementId` = `elements`.`id`) AND (`content`.`siteId` = `elements_sites`.`siteId`)
WHERE (`elements_sites`.`siteId`='1') AND (`elements`.`id`='1') AND (`elements`.`archived`=FALSE) AND (`elements`.`dateDeleted` IS NULL) AND (`elements`.`draftId` IS NULL) AND (`elements`.`revisionId` IS NULL)
ORDER BY `users`.`username`
LIMIT 1) `subquery`
INNER JOIN `users` `users` ON `users`.`id` = `subquery`.`elementsId`
INNER JOIN `elements` `elements` ON `elements`.`id` = `subquery`.`elementsId`
INNER JOIN `elements_sites` `elements_sites` ON `elements_sites`.`id` = `subquery`.`elementsSitesId`
INNER JOIN `content` `content` ON `content`.`id` = `subquery`.`contentId`
ORDER BY `users`.`username`
2019-10-01 12:34:02 [-][1][-][trace][yii\base\InlineAction::runWithParams] Running action: craft\controllers\QueueController::actionRun()
2019-10-01 12:34:02 [-][1][-][info][yii\db\Command::query] SHOW FULL COLUMNS FROM `queue`
2019-10-01 12:34:02 [-][1][-][profile begin][yii\db\Command::query] SHOW FULL COLUMNS FROM `queue`
2019-10-01 12:34:02 [-][1][-][profile end][yii\db\Command::query] SHOW FULL COLUMNS FROM `queue`
2019-10-01 12:34:02 [-][1][-][info][yii\db\Command::query] SELECT
    kcu.constraint_name,
    kcu.column_name,
    kcu.referenced_table_name,
    kcu.referenced_column_name
FROM information_schema.referential_constraints AS rc
JOIN information_schema.key_column_usage AS kcu ON
    (
        kcu.constraint_catalog = rc.constraint_catalog OR
        (kcu.constraint_catalog IS NULL AND rc.constraint_catalog IS NULL)
    ) AND
    kcu.constraint_schema = rc.constraint_schema AND
    kcu.constraint_name = rc.constraint_name
WHERE rc.constraint_schema = database() AND kcu.table_schema = database()
AND rc.table_name = 'queue' AND kcu.table_name = 'queue'
2019-10-01 12:34:02 [-][1][-][profile begin][yii\db\Command::query] SELECT
    kcu.constraint_name,
    kcu.column_name,
    kcu.referenced_table_name,
    kcu.referenced_column_name
FROM information_schema.referential_constraints AS rc
JOIN information_schema.key_column_usage AS kcu ON
    (
        kcu.constraint_catalog = rc.constraint_catalog OR
        (kcu.constraint_catalog IS NULL AND rc.constraint_catalog IS NULL)
    ) AND
    kcu.constraint_schema = rc.constraint_schema AND
    kcu.constraint_name = rc.constraint_name
WHERE rc.constraint_schema = database() AND kcu.table_schema = database()
AND rc.table_name = 'queue' AND kcu.table_name = 'queue'
2019-10-01 12:34:02 [-][1][-][profile end][yii\db\Command::query] SELECT
    kcu.constraint_name,
    kcu.column_name,
    kcu.referenced_table_name,
    kcu.referenced_column_name
FROM information_schema.referential_constraints AS rc
JOIN information_schema.key_column_usage AS kcu ON
    (
        kcu.constraint_catalog = rc.constraint_catalog OR
        (kcu.constraint_catalog IS NULL AND rc.constraint_catalog IS NULL)
    ) AND
    kcu.constraint_schema = rc.constraint_schema AND
    kcu.constraint_name = rc.constraint_name
WHERE rc.constraint_schema = database() AND kcu.table_schema = database()
AND rc.table_name = 'queue' AND kcu.table_name = 'queue'
2019-10-01 12:34:02 [-][1][-][info][yii\db\Command::query] SELECT
    kcu.constraint_name,
    kcu.column_name,
    kcu.referenced_table_name,
    kcu.referenced_column_name,
    rc.UPDATE_RULE,
    rc.DELETE_RULE
FROM information_schema.referential_constraints AS rc
JOIN information_schema.key_column_usage AS kcu ON
    (
        kcu.constraint_catalog = rc.constraint_catalog OR
        (kcu.constraint_catalog IS NULL AND rc.constraint_catalog IS NULL)
    ) AND
    kcu.constraint_schema = rc.constraint_schema AND
    kcu.constraint_name = rc.constraint_name
WHERE rc.constraint_schema = database() AND kcu.table_schema = database()
AND rc.table_name = 'queue' AND kcu.table_name = 'queue'
2019-10-01 12:34:02 [-][1][-][profile begin][yii\db\Command::query] SELECT
    kcu.constraint_name,
    kcu.column_name,
    kcu.referenced_table_name,
    kcu.referenced_column_name,
    rc.UPDATE_RULE,
    rc.DELETE_RULE
FROM information_schema.referential_constraints AS rc
JOIN information_schema.key_column_usage AS kcu ON
    (
        kcu.constraint_catalog = rc.constraint_catalog OR
        (kcu.constraint_catalog IS NULL AND rc.constraint_catalog IS NULL)
    ) AND
    kcu.constraint_schema = rc.constraint_schema AND
    kcu.constraint_name = rc.constraint_name
WHERE rc.constraint_schema = database() AND kcu.table_schema = database()
AND rc.table_name = 'queue' AND kcu.table_name = 'queue'
2019-10-01 12:34:02 [-][1][-][profile end][yii\db\Command::query] SELECT
    kcu.constraint_name,
    kcu.column_name,
    kcu.referenced_table_name,
    kcu.referenced_column_name,
    rc.UPDATE_RULE,
    rc.DELETE_RULE
FROM information_schema.referential_constraints AS rc
JOIN information_schema.key_column_usage AS kcu ON
    (
        kcu.constraint_catalog = rc.constraint_catalog OR
        (kcu.constraint_catalog IS NULL AND rc.constraint_catalog IS NULL)
    ) AND
    kcu.constraint_schema = rc.constraint_schema AND
    kcu.constraint_name = rc.constraint_name
WHERE rc.constraint_schema = database() AND kcu.table_schema = database()
AND rc.table_name = 'queue' AND kcu.table_name = 'queue'
2019-10-01 12:34:02 [-][1][-][info][yii\db\Command::execute] UPDATE `queue` SET `dateReserved`=NULL, `timeUpdated`=NULL, `progress`=0, `progressLabel`=NULL WHERE `timeUpdated` < 1569958442 - `ttr`
2019-10-01 12:34:02 [-][1][-][profile begin][yii\db\Command::execute] UPDATE `queue` SET `dateReserved`=NULL, `timeUpdated`=NULL, `progress`=0, `progressLabel`=NULL WHERE `timeUpdated` < 1569958442 - `ttr`
2019-10-01 12:34:02 [-][1][-][profile end][yii\db\Command::execute] UPDATE `queue` SET `dateReserved`=NULL, `timeUpdated`=NULL, `progress`=0, `progressLabel`=NULL WHERE `timeUpdated` < 1569958442 - `ttr`
2019-10-01 12:34:02 [-][1][-][info][yii\db\Command::query] SELECT EXISTS(SELECT *
FROM `queue`
WHERE (`fail`=FALSE) AND (NOT (`timeUpdated` IS NULL)))
2019-10-01 12:34:02 [-][1][-][profile begin][yii\db\Command::query] SELECT EXISTS(SELECT *
FROM `queue`
WHERE (`fail`=FALSE) AND (NOT (`timeUpdated` IS NULL)))
2019-10-01 12:34:02 [-][1][-][profile end][yii\db\Command::query] SELECT EXISTS(SELECT *
FROM `queue`
WHERE (`fail`=FALSE) AND (NOT (`timeUpdated` IS NULL)))
2019-10-01 12:34:02 [-][1][-][info][yii\db\Command::query] SELECT EXISTS(SELECT *
FROM `queue`
WHERE ((`fail`=FALSE) AND (`timeUpdated` IS NULL)) AND (`timePushed` + `delay` <= 1569958442))
2019-10-01 12:34:02 [-][1][-][profile begin][yii\db\Command::query] SELECT EXISTS(SELECT *
FROM `queue`
WHERE ((`fail`=FALSE) AND (`timeUpdated` IS NULL)) AND (`timePushed` + `delay` <= 1569958442))
2019-10-01 12:34:02 [-][1][-][profile end][yii\db\Command::query] SELECT EXISTS(SELECT *
FROM `queue`
WHERE ((`fail`=FALSE) AND (`timeUpdated` IS NULL)) AND (`timePushed` + `delay` <= 1569958442))
2019-10-01 12:34:02 [-][1][-][info][yii\db\Command::query] SELECT *
FROM `queue`
WHERE ((`fail`=FALSE) AND (`timeUpdated` IS NULL)) AND (`timePushed` <= 1569958442 - `delay`)
ORDER BY `priority`, `id`
LIMIT 1
2019-10-01 12:34:02 [-][1][-][profile begin][yii\db\Command::query] SELECT *
FROM `queue`
WHERE ((`fail`=FALSE) AND (`timeUpdated` IS NULL)) AND (`timePushed` <= 1569958442 - `delay`)
ORDER BY `priority`, `id`
LIMIT 1
2019-10-01 12:34:02 [-][1][-][profile end][yii\db\Command::query] SELECT *
FROM `queue`
WHERE ((`fail`=FALSE) AND (`timeUpdated` IS NULL)) AND (`timePushed` <= 1569958442 - `delay`)
ORDER BY `priority`, `id`
LIMIT 1
2019-10-01 12:34:02 [-][1][-][info][yii\db\Command::execute] UPDATE `queue` SET `dateReserved`='2019-10-01 19:34:02', `timeUpdated`=1569958442, `attempt`=1 WHERE `id`='1'
2019-10-01 12:34:02 [-][1][-][profile begin][yii\db\Command::execute] UPDATE `queue` SET `dateReserved`='2019-10-01 19:34:02', `timeUpdated`=1569958442, `attempt`=1 WHERE `id`='1'
2019-10-01 12:34:02 [-][1][-][profile end][yii\db\Command::execute] UPDATE `queue` SET `dateReserved`='2019-10-01 19:34:02', `timeUpdated`=1569958442, `attempt`=1 WHERE `id`='1'
2019-10-01 12:34:02 [-][1][-][info][craft\queue\QueueLogBehavior::beforeExec]  [1] Updating search indexes (attempt: 1) - Started
2019-10-01 12:34:02 [-][1][-][info][yii\db\Command::query] SELECT `elements`.`id`, `elements`.`fieldLayoutId`, `elements`.`uid`, `elements`.`enabled`, `elements`.`archived`, `elements`.`dateCreated`, `elements`.`dateUpdated`, `elements_sites`.`slug`, `elements_sites`.`siteId`, `elements_sites`.`enabled` AS `enabledForSite`, `elements_sites`.`uri`, `users`.`username`, `users`.`firstName`, `users`.`lastName`, `users`.`email`, `users`.`admin`, `users`.`locked`, `users`.`pending`, `users`.`suspended`, `users`.`lastLoginDate`, `users`.`lockoutDate`, `users`.`photoId`, `users`.`hasDashboard`, `content`.`id` AS `contentId`
FROM (SELECT `elements`.`id` AS `elementsId`, `elements_sites`.`id` AS `elementsSitesId`, `content`.`id` AS `contentId`
FROM `elements` `elements`
INNER JOIN `users` `users` ON `users`.`id` = `elements`.`id`
INNER JOIN `elements_sites` `elements_sites` ON `elements_sites`.`elementId` = `elements`.`id`
INNER JOIN `content` `content` ON (`content`.`elementId` = `elements`.`id`) AND (`content`.`siteId` = `elements_sites`.`siteId`)
WHERE (`elements_sites`.`siteId`='1') AND (`elements`.`id`=1) AND (`elements`.`archived`=FALSE) AND (`elements`.`dateDeleted` IS NULL) AND (`elements`.`draftId` IS NULL) AND (`elements`.`revisionId` IS NULL)
ORDER BY `users`.`username`) `subquery`
INNER JOIN `users` `users` ON `users`.`id` = `subquery`.`elementsId`
INNER JOIN `elements` `elements` ON `elements`.`id` = `subquery`.`elementsId`
INNER JOIN `elements_sites` `elements_sites` ON `elements_sites`.`id` = `subquery`.`elementsSitesId`
INNER JOIN `content` `content` ON `content`.`id` = `subquery`.`contentId`
ORDER BY `users`.`username`
2019-10-01 12:34:02 [-][1][-][profile begin][yii\db\Command::query] SELECT `elements`.`id`, `elements`.`fieldLayoutId`, `elements`.`uid`, `elements`.`enabled`, `elements`.`archived`, `elements`.`dateCreated`, `elements`.`dateUpdated`, `elements_sites`.`slug`, `elements_sites`.`siteId`, `elements_sites`.`enabled` AS `enabledForSite`, `elements_sites`.`uri`, `users`.`username`, `users`.`firstName`, `users`.`lastName`, `users`.`email`, `users`.`admin`, `users`.`locked`, `users`.`pending`, `users`.`suspended`, `users`.`lastLoginDate`, `users`.`lockoutDate`, `users`.`photoId`, `users`.`hasDashboard`, `content`.`id` AS `contentId`
FROM (SELECT `elements`.`id` AS `elementsId`, `elements_sites`.`id` AS `elementsSitesId`, `content`.`id` AS `contentId`
FROM `elements` `elements`
INNER JOIN `users` `users` ON `users`.`id` = `elements`.`id`
INNER JOIN `elements_sites` `elements_sites` ON `elements_sites`.`elementId` = `elements`.`id`
INNER JOIN `content` `content` ON (`content`.`elementId` = `elements`.`id`) AND (`content`.`siteId` = `elements_sites`.`siteId`)
WHERE (`elements_sites`.`siteId`='1') AND (`elements`.`id`=1) AND (`elements`.`archived`=FALSE) AND (`elements`.`dateDeleted` IS NULL) AND (`elements`.`draftId` IS NULL) AND (`elements`.`revisionId` IS NULL)
ORDER BY `users`.`username`) `subquery`
INNER JOIN `users` `users` ON `users`.`id` = `subquery`.`elementsId`
INNER JOIN `elements` `elements` ON `elements`.`id` = `subquery`.`elementsId`
INNER JOIN `elements_sites` `elements_sites` ON `elements_sites`.`id` = `subquery`.`elementsSitesId`
INNER JOIN `content` `content` ON `content`.`id` = `subquery`.`contentId`
ORDER BY `users`.`username`
2019-10-01 12:34:02 [-][1][-][profile end][yii\db\Command::query] SELECT `elements`.`id`, `elements`.`fieldLayoutId`, `elements`.`uid`, `elements`.`enabled`, `elements`.`archived`, `elements`.`dateCreated`, `elements`.`dateUpdated`, `elements_sites`.`slug`, `elements_sites`.`siteId`, `elements_sites`.`enabled` AS `enabledForSite`, `elements_sites`.`uri`, `users`.`username`, `users`.`firstName`, `users`.`lastName`, `users`.`email`, `users`.`admin`, `users`.`locked`, `users`.`pending`, `users`.`suspended`, `users`.`lastLoginDate`, `users`.`lockoutDate`, `users`.`photoId`, `users`.`hasDashboard`, `content`.`id` AS `contentId`
FROM (SELECT `elements`.`id` AS `elementsId`, `elements_sites`.`id` AS `elementsSitesId`, `content`.`id` AS `contentId`
FROM `elements` `elements`
INNER JOIN `users` `users` ON `users`.`id` = `elements`.`id`
INNER JOIN `elements_sites` `elements_sites` ON `elements_sites`.`elementId` = `elements`.`id`
INNER JOIN `content` `content` ON (`content`.`elementId` = `elements`.`id`) AND (`content`.`siteId` = `elements_sites`.`siteId`)
WHERE (`elements_sites`.`siteId`='1') AND (`elements`.`id`=1) AND (`elements`.`archived`=FALSE) AND (`elements`.`dateDeleted` IS NULL) AND (`elements`.`draftId` IS NULL) AND (`elements`.`revisionId` IS NULL)
ORDER BY `users`.`username`) `subquery`
INNER JOIN `users` `users` ON `users`.`id` = `subquery`.`elementsId`
INNER JOIN `elements` `elements` ON `elements`.`id` = `subquery`.`elementsId`
INNER JOIN `elements_sites` `elements_sites` ON `elements_sites`.`id` = `subquery`.`elementsSitesId`
INNER JOIN `content` `content` ON `content`.`id` = `subquery`.`contentId`
ORDER BY `users`.`username`
2019-10-01 12:34:02 [-][1][-][info][yii\db\Command::execute] UPDATE `queue` SET `progress`=100, `timeUpdated`=1569958442 WHERE `id`='1'
2019-10-01 12:34:02 [-][1][-][profile begin][yii\db\Command::execute] UPDATE `queue` SET `progress`=100, `timeUpdated`=1569958442 WHERE `id`='1'
2019-10-01 12:34:02 [-][1][-][profile end][yii\db\Command::execute] UPDATE `queue` SET `progress`=100, `timeUpdated`=1569958442 WHERE `id`='1'
2019-10-01 12:34:02 [-][1][-][info][yii\db\Command::execute] DELETE FROM `searchindex` WHERE (`elementId`=1) AND (`attribute`='username') AND (`fieldId`='0') AND (`siteId`=1)
2019-10-01 12:34:02 [-][1][-][profile begin][yii\db\Command::execute] DELETE FROM `searchindex` WHERE (`elementId`=1) AND (`attribute`='username') AND (`fieldId`='0') AND (`siteId`=1)
2019-10-01 12:34:02 [-][1][-][profile end][yii\db\Command::execute] DELETE FROM `searchindex` WHERE (`elementId`=1) AND (`attribute`='username') AND (`fieldId`='0') AND (`siteId`=1)
2019-10-01 12:34:02 [-][1][-][info][yii\db\Command::query] SHOW FULL COLUMNS FROM `searchindex`
2019-10-01 12:34:02 [-][1][-][profile begin][yii\db\Command::query] SHOW FULL COLUMNS FROM `searchindex`
2019-10-01 12:34:02 [-][1][-][profile end][yii\db\Command::query] SHOW FULL COLUMNS FROM `searchindex`
2019-10-01 12:34:02 [-][1][-][info][yii\db\Command::query] SELECT
    kcu.constraint_name,
    kcu.column_name,
    kcu.referenced_table_name,
    kcu.referenced_column_name
FROM information_schema.referential_constraints AS rc
JOIN information_schema.key_column_usage AS kcu ON
    (
        kcu.constraint_catalog = rc.constraint_catalog OR
        (kcu.constraint_catalog IS NULL AND rc.constraint_catalog IS NULL)
    ) AND
    kcu.constraint_schema = rc.constraint_schema AND
    kcu.constraint_name = rc.constraint_name
WHERE rc.constraint_schema = database() AND kcu.table_schema = database()
AND rc.table_name = 'searchindex' AND kcu.table_name = 'searchindex'
2019-10-01 12:34:02 [-][1][-][profile begin][yii\db\Command::query] SELECT
    kcu.constraint_name,
    kcu.column_name,
    kcu.referenced_table_name,
    kcu.referenced_column_name
FROM information_schema.referential_constraints AS rc
JOIN information_schema.key_column_usage AS kcu ON
    (
        kcu.constraint_catalog = rc.constraint_catalog OR
        (kcu.constraint_catalog IS NULL AND rc.constraint_catalog IS NULL)
    ) AND
    kcu.constraint_schema = rc.constraint_schema AND
    kcu.constraint_name = rc.constraint_name
WHERE rc.constraint_schema = database() AND kcu.table_schema = database()
AND rc.table_name = 'searchindex' AND kcu.table_name = 'searchindex'
2019-10-01 12:34:02 [-][1][-][profile end][yii\db\Command::query] SELECT
    kcu.constraint_name,
    kcu.column_name,
    kcu.referenced_table_name,
    kcu.referenced_column_name
FROM information_schema.referential_constraints AS rc
JOIN information_schema.key_column_usage AS kcu ON
    (
        kcu.constraint_catalog = rc.constraint_catalog OR
        (kcu.constraint_catalog IS NULL AND rc.constraint_catalog IS NULL)
    ) AND
    kcu.constraint_schema = rc.constraint_schema AND
    kcu.constraint_name = rc.constraint_name
WHERE rc.constraint_schema = database() AND kcu.table_schema = database()
AND rc.table_name = 'searchindex' AND kcu.table_name = 'searchindex'
2019-10-01 12:34:02 [-][1][-][info][yii\db\Command::query] SELECT
    kcu.constraint_name,
    kcu.column_name,
    kcu.referenced_table_name,
    kcu.referenced_column_name,
    rc.UPDATE_RULE,
    rc.DELETE_RULE
FROM information_schema.referential_constraints AS rc
JOIN information_schema.key_column_usage AS kcu ON
    (
        kcu.constraint_catalog = rc.constraint_catalog OR
        (kcu.constraint_catalog IS NULL AND rc.constraint_catalog IS NULL)
    ) AND
    kcu.constraint_schema = rc.constraint_schema AND
    kcu.constraint_name = rc.constraint_name
WHERE rc.constraint_schema = database() AND kcu.table_schema = database()
AND rc.table_name = 'searchindex' AND kcu.table_name = 'searchindex'
2019-10-01 12:34:02 [-][1][-][profile begin][yii\db\Command::query] SELECT
    kcu.constraint_name,
    kcu.column_name,
    kcu.referenced_table_name,
    kcu.referenced_column_name,
    rc.UPDATE_RULE,
    rc.DELETE_RULE
FROM information_schema.referential_constraints AS rc
JOIN information_schema.key_column_usage AS kcu ON
    (
        kcu.constraint_catalog = rc.constraint_catalog OR
        (kcu.constraint_catalog IS NULL AND rc.constraint_catalog IS NULL)
    ) AND
    kcu.constraint_schema = rc.constraint_schema AND
    kcu.constraint_name = rc.constraint_name
WHERE rc.constraint_schema = database() AND kcu.table_schema = database()
AND rc.table_name = 'searchindex' AND kcu.table_name = 'searchindex'
2019-10-01 12:34:02 [-][1][-][profile end][yii\db\Command::query] SELECT
    kcu.constraint_name,
    kcu.column_name,
    kcu.referenced_table_name,
    kcu.referenced_column_name,
    rc.UPDATE_RULE,
    rc.DELETE_RULE
FROM information_schema.referential_constraints AS rc
JOIN information_schema.key_column_usage AS kcu ON
    (
        kcu.constraint_catalog = rc.constraint_catalog OR
        (kcu.constraint_catalog IS NULL AND rc.constraint_catalog IS NULL)
    ) AND
    kcu.constraint_schema = rc.constraint_schema AND
    kcu.constraint_name = rc.constraint_name
WHERE rc.constraint_schema = database() AND kcu.table_schema = database()
AND rc.table_name = 'searchindex' AND kcu.table_name = 'searchindex'
2019-10-01 12:34:02 [-][1][-][info][yii\db\Command::execute] INSERT INTO `searchindex` (`elementId`, `attribute`, `fieldId`, `siteId`, `keywords`) VALUES (1, 'username', 0, 1, ' admin ')
2019-10-01 12:34:02 [-][1][-][profile begin][yii\db\Command::execute] INSERT INTO `searchindex` (`elementId`, `attribute`, `fieldId`, `siteId`, `keywords`) VALUES (1, 'username', 0, 1, ' admin ')
2019-10-01 12:34:02 [-][1][-][profile end][yii\db\Command::execute] INSERT INTO `searchindex` (`elementId`, `attribute`, `fieldId`, `siteId`, `keywords`) VALUES (1, 'username', 0, 1, ' admin ')
2019-10-01 12:34:02 [-][1][-][info][yii\db\Command::execute] DELETE FROM `searchindex` WHERE (`elementId`=1) AND (`attribute`='firstname') AND (`fieldId`='0') AND (`siteId`=1)
2019-10-01 12:34:02 [-][1][-][profile begin][yii\db\Command::execute] DELETE FROM `searchindex` WHERE (`elementId`=1) AND (`attribute`='firstname') AND (`fieldId`='0') AND (`siteId`=1)
2019-10-01 12:34:02 [-][1][-][profile end][yii\db\Command::execute] DELETE FROM `searchindex` WHERE (`elementId`=1) AND (`attribute`='firstname') AND (`fieldId`='0') AND (`siteId`=1)
2019-10-01 12:34:02 [-][1][-][info][yii\db\Command::execute] INSERT INTO `searchindex` (`elementId`, `attribute`, `fieldId`, `siteId`, `keywords`) VALUES (1, 'firstname', 0, 1, '')
2019-10-01 12:34:02 [-][1][-][profile begin][yii\db\Command::execute] INSERT INTO `searchindex` (`elementId`, `attribute`, `fieldId`, `siteId`, `keywords`) VALUES (1, 'firstname', 0, 1, '')
2019-10-01 12:34:02 [-][1][-][profile end][yii\db\Command::execute] INSERT INTO `searchindex` (`elementId`, `attribute`, `fieldId`, `siteId`, `keywords`) VALUES (1, 'firstname', 0, 1, '')
2019-10-01 12:34:02 [-][1][-][info][yii\db\Command::execute] DELETE FROM `searchindex` WHERE (`elementId`=1) AND (`attribute`='lastname') AND (`fieldId`='0') AND (`siteId`=1)
2019-10-01 12:34:02 [-][1][-][profile begin][yii\db\Command::execute] DELETE FROM `searchindex` WHERE (`elementId`=1) AND (`attribute`='lastname') AND (`fieldId`='0') AND (`siteId`=1)
2019-10-01 12:34:02 [-][1][-][profile end][yii\db\Command::execute] DELETE FROM `searchindex` WHERE (`elementId`=1) AND (`attribute`='lastname') AND (`fieldId`='0') AND (`siteId`=1)
2019-10-01 12:34:02 [-][1][-][info][yii\db\Command::execute] INSERT INTO `searchindex` (`elementId`, `attribute`, `fieldId`, `siteId`, `keywords`) VALUES (1, 'lastname', 0, 1, '')
2019-10-01 12:34:02 [-][1][-][profile begin][yii\db\Command::execute] INSERT INTO `searchindex` (`elementId`, `attribute`, `fieldId`, `siteId`, `keywords`) VALUES (1, 'lastname', 0, 1, '')
2019-10-01 12:34:02 [-][1][-][profile end][yii\db\Command::execute] INSERT INTO `searchindex` (`elementId`, `attribute`, `fieldId`, `siteId`, `keywords`) VALUES (1, 'lastname', 0, 1, '')
2019-10-01 12:34:02 [-][1][-][info][yii\db\Command::query] SELECT `id`, `type`, `uid`
FROM `fieldlayouts`
WHERE (`dateDeleted` IS NULL) AND (`type`='craft\\elements\\User')
LIMIT 1
2019-10-01 12:34:02 [-][1][-][profile begin][yii\db\Command::query] SELECT `id`, `type`, `uid`
FROM `fieldlayouts`
WHERE (`dateDeleted` IS NULL) AND (`type`='craft\\elements\\User')
LIMIT 1
2019-10-01 12:34:02 [-][1][-][profile end][yii\db\Command::query] SELECT `id`, `type`, `uid`
FROM `fieldlayouts`
WHERE (`dateDeleted` IS NULL) AND (`type`='craft\\elements\\User')
LIMIT 1
2019-10-01 12:34:02 [-][1][-][info][yii\db\Command::execute] DELETE FROM `searchindex` WHERE (`elementId`=1) AND (`attribute`='fullname') AND (`fieldId`='0') AND (`siteId`=1)
2019-10-01 12:34:02 [-][1][-][profile begin][yii\db\Command::execute] DELETE FROM `searchindex` WHERE (`elementId`=1) AND (`attribute`='fullname') AND (`fieldId`='0') AND (`siteId`=1)
2019-10-01 12:34:02 [-][1][-][profile end][yii\db\Command::execute] DELETE FROM `searchindex` WHERE (`elementId`=1) AND (`attribute`='fullname') AND (`fieldId`='0') AND (`siteId`=1)
2019-10-01 12:34:02 [-][1][-][info][yii\db\Command::execute] INSERT INTO `searchindex` (`elementId`, `attribute`, `fieldId`, `siteId`, `keywords`) VALUES (1, 'fullname', 0, 1, '')
2019-10-01 12:34:02 [-][1][-][profile begin][yii\db\Command::execute] INSERT INTO `searchindex` (`elementId`, `attribute`, `fieldId`, `siteId`, `keywords`) VALUES (1, 'fullname', 0, 1, '')
2019-10-01 12:34:02 [-][1][-][profile end][yii\db\Command::execute] INSERT INTO `searchindex` (`elementId`, `attribute`, `fieldId`, `siteId`, `keywords`) VALUES (1, 'fullname', 0, 1, '')
2019-10-01 12:34:02 [-][1][-][info][yii\db\Command::execute] DELETE FROM `searchindex` WHERE (`elementId`=1) AND (`attribute`='email') AND (`fieldId`='0') AND (`siteId`=1)
2019-10-01 12:34:02 [-][1][-][profile begin][yii\db\Command::execute] DELETE FROM `searchindex` WHERE (`elementId`=1) AND (`attribute`='email') AND (`fieldId`='0') AND (`siteId`=1)
2019-10-01 12:34:02 [-][1][-][profile end][yii\db\Command::execute] DELETE FROM `searchindex` WHERE (`elementId`=1) AND (`attribute`='email') AND (`fieldId`='0') AND (`siteId`=1)
2019-10-01 12:34:02 [-][1][-][info][yii\db\Command::execute] INSERT INTO `searchindex` (`elementId`, `attribute`, `fieldId`, `siteId`, `keywords`) VALUES (1, 'email', 0, 1, ' abstractia gmail com ')
2019-10-01 12:34:02 [-][1][-][profile begin][yii\db\Command::execute] INSERT INTO `searchindex` (`elementId`, `attribute`, `fieldId`, `siteId`, `keywords`) VALUES (1, 'email', 0, 1, ' abstractia gmail com ')
2019-10-01 12:34:02 [-][1][-][profile end][yii\db\Command::execute] INSERT INTO `searchindex` (`elementId`, `attribute`, `fieldId`, `siteId`, `keywords`) VALUES (1, 'email', 0, 1, ' abstractia gmail com ')
2019-10-01 12:34:02 [-][1][-][info][yii\db\Command::execute] DELETE FROM `searchindex` WHERE (`elementId`=1) AND (`attribute`='slug') AND (`fieldId`='0') AND (`siteId`=1)
2019-10-01 12:34:02 [-][1][-][profile begin][yii\db\Command::execute] DELETE FROM `searchindex` WHERE (`elementId`=1) AND (`attribute`='slug') AND (`fieldId`='0') AND (`siteId`=1)
2019-10-01 12:34:02 [-][1][-][profile end][yii\db\Command::execute] DELETE FROM `searchindex` WHERE (`elementId`=1) AND (`attribute`='slug') AND (`fieldId`='0') AND (`siteId`=1)
2019-10-01 12:34:02 [-][1][-][info][yii\db\Command::execute] INSERT INTO `searchindex` (`elementId`, `attribute`, `fieldId`, `siteId`, `keywords`) VALUES (1, 'slug', 0, 1, '')
2019-10-01 12:34:02 [-][1][-][profile begin][yii\db\Command::execute] INSERT INTO `searchindex` (`elementId`, `attribute`, `fieldId`, `siteId`, `keywords`) VALUES (1, 'slug', 0, 1, '')
2019-10-01 12:34:02 [-][1][-][profile end][yii\db\Command::execute] INSERT INTO `searchindex` (`elementId`, `attribute`, `fieldId`, `siteId`, `keywords`) VALUES (1, 'slug', 0, 1, '')
2019-10-01 12:34:02 [-][1][-][info][craft\queue\QueueLogBehavior::afterExec]  [1] Updating search indexes (attempt: 1) - Done (time: 0.022s)
2019-10-01 12:34:02 [-][1][-][info][yii\db\Command::execute] DELETE FROM `queue` WHERE `id`='1'
2019-10-01 12:34:02 [-][1][-][profile begin][yii\db\Command::execute] DELETE FROM `queue` WHERE `id`='1'
2019-10-01 12:34:02 [-][1][-][profile end][yii\db\Command::execute] DELETE FROM `queue` WHERE `id`='1'
2019-10-01 12:34:02 [-][1][-][info][yii\db\Command::query] SELECT *
FROM `queue`
WHERE ((`fail`=FALSE) AND (`timeUpdated` IS NULL)) AND (`timePushed` <= 1569958442 - `delay`)
ORDER BY `priority`, `id`
LIMIT 1
2019-10-01 12:34:02 [-][1][-][profile begin][yii\db\Command::query] SELECT *
FROM `queue`
WHERE ((`fail`=FALSE) AND (`timeUpdated` IS NULL)) AND (`timePushed` <= 1569958442 - `delay`)
ORDER BY `priority`, `id`
LIMIT 1
2019-10-01 12:34:02 [-][1][-][profile end][yii\db\Command::query] SELECT *
FROM `queue`
WHERE ((`fail`=FALSE) AND (`timeUpdated` IS NULL)) AND (`timePushed` <= 1569958442 - `delay`)
ORDER BY `priority`, `id`
LIMIT 1
2019-10-01 13:03:42 [-][1][-][info][yii\db\Connection::open] Opening DB connection: mysql:host=localhost;dbname=bangsara_craft3Timd;port=3306;
2019-10-01 13:03:42 [-][1][-][profile begin][yii\db\Connection::open] Opening DB connection: mysql:host=localhost;dbname=bangsara_craft3Timd;port=3306;
2019-10-01 13:03:42 [-][1][-][profile end][yii\db\Connection::open] Opening DB connection: mysql:host=localhost;dbname=bangsara_craft3Timd;port=3306;
2019-10-01 13:03:42 [-][1][-][info][yii\db\Command::query] SHOW TABLES
2019-10-01 13:03:42 [-][1][-][profile begin][yii\db\Command::query] SHOW TABLES
2019-10-01 13:03:42 [-][1][-][profile end][yii\db\Command::query] SHOW TABLES
2019-10-01 13:03:42 [-][1][-][info][yii\db\Command::query] SELECT `s`.`id`, `s`.`groupId`, `s`.`name`, `s`.`handle`, `language`, `s`.`primary`, `s`.`hasUrls`, `s`.`baseUrl`, `s`.`sortOrder`, `s`.`uid`, `s`.`dateCreated`, `s`.`dateUpdated`
FROM `sites` `s`
INNER JOIN `sitegroups` `sg` ON `sg`.`id` = `s`.`groupId`
WHERE (`s`.`dateDeleted` IS NULL) AND (`sg`.`dateDeleted` IS NULL)
ORDER BY `sg`.`name`, `s`.`sortOrder`
2019-10-01 13:03:42 [-][1][-][profile begin][yii\db\Command::query] SELECT `s`.`id`, `s`.`groupId`, `s`.`name`, `s`.`handle`, `language`, `s`.`primary`, `s`.`hasUrls`, `s`.`baseUrl`, `s`.`sortOrder`, `s`.`uid`, `s`.`dateCreated`, `s`.`dateUpdated`
FROM `sites` `s`
INNER JOIN `sitegroups` `sg` ON `sg`.`id` = `s`.`groupId`
WHERE (`s`.`dateDeleted` IS NULL) AND (`sg`.`dateDeleted` IS NULL)
ORDER BY `sg`.`name`, `s`.`sortOrder`
2019-10-01 13:03:42 [-][1][-][profile end][yii\db\Command::query] SELECT `s`.`id`, `s`.`groupId`, `s`.`name`, `s`.`handle`, `language`, `s`.`primary`, `s`.`hasUrls`, `s`.`baseUrl`, `s`.`sortOrder`, `s`.`uid`, `s`.`dateCreated`, `s`.`dateUpdated`
FROM `sites` `s`
INNER JOIN `sitegroups` `sg` ON `sg`.`id` = `s`.`groupId`
WHERE (`s`.`dateDeleted` IS NULL) AND (`sg`.`dateDeleted` IS NULL)
ORDER BY `sg`.`name`, `s`.`sortOrder`
2019-10-01 13:03:42 [-][1][-][info][yii\db\Command::query] SELECT *
FROM `info`
LIMIT 1
2019-10-01 13:03:42 [-][1][-][profile begin][yii\db\Command::query] SELECT *
FROM `info`
LIMIT 1
2019-10-01 13:03:42 [-][1][-][profile end][yii\db\Command::query] SELECT *
FROM `info`
LIMIT 1
2019-10-01 13:04:02 [-][1][-][info][yii\web\Session::open] Session started
2019-10-01 13:04:02 [-][1][-][info][yii\db\Command::query] SELECT `preferences`
FROM `userpreferences`
WHERE `userId`=1
LIMIT 1
2019-10-01 13:04:02 [-][1][-][profile begin][yii\db\Command::query] SELECT `preferences`
FROM `userpreferences`
WHERE `userId`=1
LIMIT 1
2019-10-01 13:04:02 [-][1][-][profile end][yii\db\Command::query] SELECT `preferences`
FROM `userpreferences`
WHERE `userId`=1
LIMIT 1
2019-10-01 13:04:02 [-][1][-][info][yii\db\Command::query] SELECT `id`, `handle`, `version`, `schemaVersion`, `licenseKeyStatus`, `installDate`, `licensedEdition`
FROM `plugins`
2019-10-01 13:04:02 [-][1][-][profile begin][yii\db\Command::query] SELECT `id`, `handle`, `version`, `schemaVersion`, `licenseKeyStatus`, `installDate`, `licensedEdition`
FROM `plugins`
2019-10-01 13:04:02 [-][1][-][profile end][yii\db\Command::query] SELECT `id`, `handle`, `version`, `schemaVersion`, `licenseKeyStatus`, `installDate`, `licensedEdition`
FROM `plugins`
2019-10-01 13:04:02 [-][1][-][trace][craft\web\Application::_processActionRequest] Route requested: 'queue/run'
2019-10-01 13:04:02 [-][1][-][trace][yii\base\Controller::runAction] Route to run: queue/run
2019-10-01 13:04:02 [-][1][-][info][yii\db\Command::query] SELECT `id`
FROM `sessions`
WHERE (`token`='mUem8QbRyOrly6SbEAWcgTScXkc9dlBJp-mcmFs9ZM9Ogd6Uy6Qwk7-RKOLg6pc3bsEnczux417pC0xoMmbtsPXQf0BIkI7cm5GI') AND (`userId`='1')
LIMIT 1
2019-10-01 13:04:02 [-][1][-][profile begin][yii\db\Command::query] SELECT `id`
FROM `sessions`
WHERE (`token`='mUem8QbRyOrly6SbEAWcgTScXkc9dlBJp-mcmFs9ZM9Ogd6Uy6Qwk7-RKOLg6pc3bsEnczux417pC0xoMmbtsPXQf0BIkI7cm5GI') AND (`userId`='1')
LIMIT 1
2019-10-01 13:04:02 [-][1][-][profile end][yii\db\Command::query] SELECT `id`
FROM `sessions`
WHERE (`token`='mUem8QbRyOrly6SbEAWcgTScXkc9dlBJp-mcmFs9ZM9Ogd6Uy6Qwk7-RKOLg6pc3bsEnczux417pC0xoMmbtsPXQf0BIkI7cm5GI') AND (`userId`='1')
LIMIT 1
2019-10-01 13:04:02 [-][1][-][info][yii\db\Command::query] SHOW FULL COLUMNS FROM `sessions`
2019-10-01 13:04:02 [-][1][-][profile begin][yii\db\Command::query] SHOW FULL COLUMNS FROM `sessions`
2019-10-01 13:04:02 [-][1][-][profile end][yii\db\Command::query] SHOW FULL COLUMNS FROM `sessions`
2019-10-01 13:04:02 [-][1][-][info][yii\db\Command::query] SELECT
    kcu.constraint_name,
    kcu.column_name,
    kcu.referenced_table_name,
    kcu.referenced_column_name
FROM information_schema.referential_constraints AS rc
JOIN information_schema.key_column_usage AS kcu ON
    (
        kcu.constraint_catalog = rc.constraint_catalog OR
        (kcu.constraint_catalog IS NULL AND rc.constraint_catalog IS NULL)
    ) AND
    kcu.constraint_schema = rc.constraint_schema AND
    kcu.constraint_name = rc.constraint_name
WHERE rc.constraint_schema = database() AND kcu.table_schema = database()
AND rc.table_name = 'sessions' AND kcu.table_name = 'sessions'
2019-10-01 13:04:02 [-][1][-][profile begin][yii\db\Command::query] SELECT
    kcu.constraint_name,
    kcu.column_name,
    kcu.referenced_table_name,
    kcu.referenced_column_name
FROM information_schema.referential_constraints AS rc
JOIN information_schema.key_column_usage AS kcu ON
    (
        kcu.constraint_catalog = rc.constraint_catalog OR
        (kcu.constraint_catalog IS NULL AND rc.constraint_catalog IS NULL)
    ) AND
    kcu.constraint_schema = rc.constraint_schema AND
    kcu.constraint_name = rc.constraint_name
WHERE rc.constraint_schema = database() AND kcu.table_schema = database()
AND rc.table_name = 'sessions' AND kcu.table_name = 'sessions'
2019-10-01 13:04:02 [-][1][-][profile end][yii\db\Command::query] SELECT
    kcu.constraint_name,
    kcu.column_name,
    kcu.referenced_table_name,
    kcu.referenced_column_name
FROM information_schema.referential_constraints AS rc
JOIN information_schema.key_column_usage AS kcu ON
    (
        kcu.constraint_catalog = rc.constraint_catalog OR
        (kcu.constraint_catalog IS NULL AND rc.constraint_catalog IS NULL)
    ) AND
    kcu.constraint_schema = rc.constraint_schema AND
    kcu.constraint_name = rc.constraint_name
WHERE rc.constraint_schema = database() AND kcu.table_schema = database()
AND rc.table_name = 'sessions' AND kcu.table_name = 'sessions'
2019-10-01 13:04:02 [-][1][-][info][yii\db\Command::query] SELECT
    kcu.constraint_name,
    kcu.column_name,
    kcu.referenced_table_name,
    kcu.referenced_column_name,
    rc.UPDATE_RULE,
    rc.DELETE_RULE
FROM information_schema.referential_constraints AS rc
JOIN information_schema.key_column_usage AS kcu ON
    (
        kcu.constraint_catalog = rc.constraint_catalog OR
        (kcu.constraint_catalog IS NULL AND rc.constraint_catalog IS NULL)
    ) AND
    kcu.constraint_schema = rc.constraint_schema AND
    kcu.constraint_name = rc.constraint_name
WHERE rc.constraint_schema = database() AND kcu.table_schema = database()
AND rc.table_name = 'sessions' AND kcu.table_name = 'sessions'
2019-10-01 13:04:02 [-][1][-][profile begin][yii\db\Command::query] SELECT
    kcu.constraint_name,
    kcu.column_name,
    kcu.referenced_table_name,
    kcu.referenced_column_name,
    rc.UPDATE_RULE,
    rc.DELETE_RULE
FROM information_schema.referential_constraints AS rc
JOIN information_schema.key_column_usage AS kcu ON
    (
        kcu.constraint_catalog = rc.constraint_catalog OR
        (kcu.constraint_catalog IS NULL AND rc.constraint_catalog IS NULL)
    ) AND
    kcu.constraint_schema = rc.constraint_schema AND
    kcu.constraint_name = rc.constraint_name
WHERE rc.constraint_schema = database() AND kcu.table_schema = database()
AND rc.table_name = 'sessions' AND kcu.table_name = 'sessions'
2019-10-01 13:04:02 [-][1][-][profile end][yii\db\Command::query] SELECT
    kcu.constraint_name,
    kcu.column_name,
    kcu.referenced_table_name,
    kcu.referenced_column_name,
    rc.UPDATE_RULE,
    rc.DELETE_RULE
FROM information_schema.referential_constraints AS rc
JOIN information_schema.key_column_usage AS kcu ON
    (
        kcu.constraint_catalog = rc.constraint_catalog OR
        (kcu.constraint_catalog IS NULL AND rc.constraint_catalog IS NULL)
    ) AND
    kcu.constraint_schema = rc.constraint_schema AND
    kcu.constraint_name = rc.constraint_name
WHERE rc.constraint_schema = database() AND kcu.table_schema = database()
AND rc.table_name = 'sessions' AND kcu.table_name = 'sessions'
2019-10-01 13:04:02 [-][1][-][info][yii\db\Command::execute] UPDATE `sessions` SET `dateUpdated`='2019-10-01 20:04:02' WHERE `id`='1'
2019-10-01 13:04:02 [-][1][-][profile begin][yii\db\Command::execute] UPDATE `sessions` SET `dateUpdated`='2019-10-01 20:04:02' WHERE `id`='1'
2019-10-01 13:04:02 [-][1][-][profile end][yii\db\Command::execute] UPDATE `sessions` SET `dateUpdated`='2019-10-01 20:04:02' WHERE `id`='1'
2019-10-01 13:04:02 [-][1][-][info][yii\db\Command::query] SELECT `fields`.`id`, `fields`.`dateCreated`, `fields`.`dateUpdated`, `fields`.`groupId`, `fields`.`name`, `fields`.`handle`, `fields`.`context`, `fields`.`instructions`, `fields`.`translationMethod`, `fields`.`translationKeyFormat`, `fields`.`type`, `fields`.`settings`, `fields`.`uid`, `fields`.`searchable`
FROM `fields` `fields`
ORDER BY `fields`.`name`, `fields`.`handle`
2019-10-01 13:04:02 [-][1][-][profile begin][yii\db\Command::query] SELECT `fields`.`id`, `fields`.`dateCreated`, `fields`.`dateUpdated`, `fields`.`groupId`, `fields`.`name`, `fields`.`handle`, `fields`.`context`, `fields`.`instructions`, `fields`.`translationMethod`, `fields`.`translationKeyFormat`, `fields`.`type`, `fields`.`settings`, `fields`.`uid`, `fields`.`searchable`
FROM `fields` `fields`
ORDER BY `fields`.`name`, `fields`.`handle`
2019-10-01 13:04:02 [-][1][-][profile end][yii\db\Command::query] SELECT `fields`.`id`, `fields`.`dateCreated`, `fields`.`dateUpdated`, `fields`.`groupId`, `fields`.`name`, `fields`.`handle`, `fields`.`context`, `fields`.`instructions`, `fields`.`translationMethod`, `fields`.`translationKeyFormat`, `fields`.`type`, `fields`.`settings`, `fields`.`uid`, `fields`.`searchable`
FROM `fields` `fields`
ORDER BY `fields`.`name`, `fields`.`handle`
2019-10-01 13:04:02 [-][1][-][info][yii\db\Command::query] SELECT `users`.`password`, `elements`.`id`, `elements`.`fieldLayoutId`, `elements`.`uid`, `elements`.`enabled`, `elements`.`archived`, `elements`.`dateCreated`, `elements`.`dateUpdated`, `elements_sites`.`slug`, `elements_sites`.`siteId`, `elements_sites`.`enabled` AS `enabledForSite`, `elements_sites`.`uri`, `users`.`username`, `users`.`firstName`, `users`.`lastName`, `users`.`email`, `users`.`admin`, `users`.`locked`, `users`.`pending`, `users`.`suspended`, `users`.`lastLoginDate`, `users`.`lockoutDate`, `users`.`photoId`, `users`.`hasDashboard`, `content`.`id` AS `contentId`
FROM (SELECT `elements`.`id` AS `elementsId`, `elements_sites`.`id` AS `elementsSitesId`, `content`.`id` AS `contentId`
FROM `elements` `elements`
INNER JOIN `users` `users` ON `users`.`id` = `elements`.`id`
INNER JOIN `elements_sites` `elements_sites` ON `elements_sites`.`elementId` = `elements`.`id`
INNER JOIN `content` `content` ON (`content`.`elementId` = `elements`.`id`) AND (`content`.`siteId` = `elements_sites`.`siteId`)
WHERE (`elements_sites`.`siteId`='1') AND (`elements`.`id`='1') AND (`elements`.`archived`=FALSE) AND (`elements`.`dateDeleted` IS NULL) AND (`elements`.`draftId` IS NULL) AND (`elements`.`revisionId` IS NULL)
ORDER BY `users`.`username`
LIMIT 1) `subquery`
INNER JOIN `users` `users` ON `users`.`id` = `subquery`.`elementsId`
INNER JOIN `elements` `elements` ON `elements`.`id` = `subquery`.`elementsId`
INNER JOIN `elements_sites` `elements_sites` ON `elements_sites`.`id` = `subquery`.`elementsSitesId`
INNER JOIN `content` `content` ON `content`.`id` = `subquery`.`contentId`
ORDER BY `users`.`username`
2019-10-01 13:04:02 [-][1][-][profile begin][yii\db\Command::query] SELECT `users`.`password`, `elements`.`id`, `elements`.`fieldLayoutId`, `elements`.`uid`, `elements`.`enabled`, `elements`.`archived`, `elements`.`dateCreated`, `elements`.`dateUpdated`, `elements_sites`.`slug`, `elements_sites`.`siteId`, `elements_sites`.`enabled` AS `enabledForSite`, `elements_sites`.`uri`, `users`.`username`, `users`.`firstName`, `users`.`lastName`, `users`.`email`, `users`.`admin`, `users`.`locked`, `users`.`pending`, `users`.`suspended`, `users`.`lastLoginDate`, `users`.`lockoutDate`, `users`.`photoId`, `users`.`hasDashboard`, `content`.`id` AS `contentId`
FROM (SELECT `elements`.`id` AS `elementsId`, `elements_sites`.`id` AS `elementsSitesId`, `content`.`id` AS `contentId`
FROM `elements` `elements`
INNER JOIN `users` `users` ON `users`.`id` = `elements`.`id`
INNER JOIN `elements_sites` `elements_sites` ON `elements_sites`.`elementId` = `elements`.`id`
INNER JOIN `content` `content` ON (`content`.`elementId` = `elements`.`id`) AND (`content`.`siteId` = `elements_sites`.`siteId`)
WHERE (`elements_sites`.`siteId`='1') AND (`elements`.`id`='1') AND (`elements`.`archived`=FALSE) AND (`elements`.`dateDeleted` IS NULL) AND (`elements`.`draftId` IS NULL) AND (`elements`.`revisionId` IS NULL)
ORDER BY `users`.`username`
LIMIT 1) `subquery`
INNER JOIN `users` `users` ON `users`.`id` = `subquery`.`elementsId`
INNER JOIN `elements` `elements` ON `elements`.`id` = `subquery`.`elementsId`
INNER JOIN `elements_sites` `elements_sites` ON `elements_sites`.`id` = `subquery`.`elementsSitesId`
INNER JOIN `content` `content` ON `content`.`id` = `subquery`.`contentId`
ORDER BY `users`.`username`
2019-10-01 13:04:02 [-][1][-][profile end][yii\db\Command::query] SELECT `users`.`password`, `elements`.`id`, `elements`.`fieldLayoutId`, `elements`.`uid`, `elements`.`enabled`, `elements`.`archived`, `elements`.`dateCreated`, `elements`.`dateUpdated`, `elements_sites`.`slug`, `elements_sites`.`siteId`, `elements_sites`.`enabled` AS `enabledForSite`, `elements_sites`.`uri`, `users`.`username`, `users`.`firstName`, `users`.`lastName`, `users`.`email`, `users`.`admin`, `users`.`locked`, `users`.`pending`, `users`.`suspended`, `users`.`lastLoginDate`, `users`.`lockoutDate`, `users`.`photoId`, `users`.`hasDashboard`, `content`.`id` AS `contentId`
FROM (SELECT `elements`.`id` AS `elementsId`, `elements_sites`.`id` AS `elementsSitesId`, `content`.`id` AS `contentId`
FROM `elements` `elements`
INNER JOIN `users` `users` ON `users`.`id` = `elements`.`id`
INNER JOIN `elements_sites` `elements_sites` ON `elements_sites`.`elementId` = `elements`.`id`
INNER JOIN `content` `content` ON (`content`.`elementId` = `elements`.`id`) AND (`content`.`siteId` = `elements_sites`.`siteId`)
WHERE (`elements_sites`.`siteId`='1') AND (`elements`.`id`='1') AND (`elements`.`archived`=FALSE) AND (`elements`.`dateDeleted` IS NULL) AND (`elements`.`draftId` IS NULL) AND (`elements`.`revisionId` IS NULL)
ORDER BY `users`.`username`
LIMIT 1) `subquery`
INNER JOIN `users` `users` ON `users`.`id` = `subquery`.`elementsId`
INNER JOIN `elements` `elements` ON `elements`.`id` = `subquery`.`elementsId`
INNER JOIN `elements_sites` `elements_sites` ON `elements_sites`.`id` = `subquery`.`elementsSitesId`
INNER JOIN `content` `content` ON `content`.`id` = `subquery`.`contentId`
ORDER BY `users`.`username`
2019-10-01 13:04:02 [-][1][-][trace][yii\base\InlineAction::runWithParams] Running action: craft\controllers\QueueController::actionRun()
2019-10-01 13:04:02 [-][1][-][info][yii\db\Command::query] SHOW FULL COLUMNS FROM `queue`
2019-10-01 13:04:02 [-][1][-][profile begin][yii\db\Command::query] SHOW FULL COLUMNS FROM `queue`
2019-10-01 13:04:02 [-][1][-][profile end][yii\db\Command::query] SHOW FULL COLUMNS FROM `queue`
2019-10-01 13:04:02 [-][1][-][info][yii\db\Command::query] SELECT
    kcu.constraint_name,
    kcu.column_name,
    kcu.referenced_table_name,
    kcu.referenced_column_name
FROM information_schema.referential_constraints AS rc
JOIN information_schema.key_column_usage AS kcu ON
    (
        kcu.constraint_catalog = rc.constraint_catalog OR
        (kcu.constraint_catalog IS NULL AND rc.constraint_catalog IS NULL)
    ) AND
    kcu.constraint_schema = rc.constraint_schema AND
    kcu.constraint_name = rc.constraint_name
WHERE rc.constraint_schema = database() AND kcu.table_schema = database()
AND rc.table_name = 'queue' AND kcu.table_name = 'queue'
2019-10-01 13:04:02 [-][1][-][profile begin][yii\db\Command::query] SELECT
    kcu.constraint_name,
    kcu.column_name,
    kcu.referenced_table_name,
    kcu.referenced_column_name
FROM information_schema.referential_constraints AS rc
JOIN information_schema.key_column_usage AS kcu ON
    (
        kcu.constraint_catalog = rc.constraint_catalog OR
        (kcu.constraint_catalog IS NULL AND rc.constraint_catalog IS NULL)
    ) AND
    kcu.constraint_schema = rc.constraint_schema AND
    kcu.constraint_name = rc.constraint_name
WHERE rc.constraint_schema = database() AND kcu.table_schema = database()
AND rc.table_name = 'queue' AND kcu.table_name = 'queue'
2019-10-01 13:04:02 [-][1][-][profile end][yii\db\Command::query] SELECT
    kcu.constraint_name,
    kcu.column_name,
    kcu.referenced_table_name,
    kcu.referenced_column_name
FROM information_schema.referential_constraints AS rc
JOIN information_schema.key_column_usage AS kcu ON
    (
        kcu.constraint_catalog = rc.constraint_catalog OR
        (kcu.constraint_catalog IS NULL AND rc.constraint_catalog IS NULL)
    ) AND
    kcu.constraint_schema = rc.constraint_schema AND
    kcu.constraint_name = rc.constraint_name
WHERE rc.constraint_schema = database() AND kcu.table_schema = database()
AND rc.table_name = 'queue' AND kcu.table_name = 'queue'
2019-10-01 13:04:02 [-][1][-][info][yii\db\Command::query] SELECT
    kcu.constraint_name,
    kcu.column_name,
    kcu.referenced_table_name,
    kcu.referenced_column_name,
    rc.UPDATE_RULE,
    rc.DELETE_RULE
FROM information_schema.referential_constraints AS rc
JOIN information_schema.key_column_usage AS kcu ON
    (
        kcu.constraint_catalog = rc.constraint_catalog OR
        (kcu.constraint_catalog IS NULL AND rc.constraint_catalog IS NULL)
    ) AND
    kcu.constraint_schema = rc.constraint_schema AND
    kcu.constraint_name = rc.constraint_name
WHERE rc.constraint_schema = database() AND kcu.table_schema = database()
AND rc.table_name = 'queue' AND kcu.table_name = 'queue'
2019-10-01 13:04:02 [-][1][-][profile begin][yii\db\Command::query] SELECT
    kcu.constraint_name,
    kcu.column_name,
    kcu.referenced_table_name,
    kcu.referenced_column_name,
    rc.UPDATE_RULE,
    rc.DELETE_RULE
FROM information_schema.referential_constraints AS rc
JOIN information_schema.key_column_usage AS kcu ON
    (
        kcu.constraint_catalog = rc.constraint_catalog OR
        (kcu.constraint_catalog IS NULL AND rc.constraint_catalog IS NULL)
    ) AND
    kcu.constraint_schema = rc.constraint_schema AND
    kcu.constraint_name = rc.constraint_name
WHERE rc.constraint_schema = database() AND kcu.table_schema = database()
AND rc.table_name = 'queue' AND kcu.table_name = 'queue'
2019-10-01 13:04:02 [-][1][-][profile end][yii\db\Command::query] SELECT
    kcu.constraint_name,
    kcu.column_name,
    kcu.referenced_table_name,
    kcu.referenced_column_name,
    rc.UPDATE_RULE,
    rc.DELETE_RULE
FROM information_schema.referential_constraints AS rc
JOIN information_schema.key_column_usage AS kcu ON
    (
        kcu.constraint_catalog = rc.constraint_catalog OR
        (kcu.constraint_catalog IS NULL AND rc.constraint_catalog IS NULL)
    ) AND
    kcu.constraint_schema = rc.constraint_schema AND
    kcu.constraint_name = rc.constraint_name
WHERE rc.constraint_schema = database() AND kcu.table_schema = database()
AND rc.table_name = 'queue' AND kcu.table_name = 'queue'
2019-10-01 13:04:02 [-][1][-][info][yii\db\Command::execute] UPDATE `queue` SET `dateReserved`=NULL, `timeUpdated`=NULL, `progress`=0, `progressLabel`=NULL WHERE `timeUpdated` < 1569960242 - `ttr`
2019-10-01 13:04:02 [-][1][-][profile begin][yii\db\Command::execute] UPDATE `queue` SET `dateReserved`=NULL, `timeUpdated`=NULL, `progress`=0, `progressLabel`=NULL WHERE `timeUpdated` < 1569960242 - `ttr`
2019-10-01 13:04:02 [-][1][-][profile end][yii\db\Command::execute] UPDATE `queue` SET `dateReserved`=NULL, `timeUpdated`=NULL, `progress`=0, `progressLabel`=NULL WHERE `timeUpdated` < 1569960242 - `ttr`
2019-10-01 13:04:02 [-][1][-][info][yii\db\Command::query] SELECT EXISTS(SELECT *
FROM `queue`
WHERE (`fail`=FALSE) AND (NOT (`timeUpdated` IS NULL)))
2019-10-01 13:04:02 [-][1][-][profile begin][yii\db\Command::query] SELECT EXISTS(SELECT *
FROM `queue`
WHERE (`fail`=FALSE) AND (NOT (`timeUpdated` IS NULL)))
2019-10-01 13:04:02 [-][1][-][profile end][yii\db\Command::query] SELECT EXISTS(SELECT *
FROM `queue`
WHERE (`fail`=FALSE) AND (NOT (`timeUpdated` IS NULL)))
2019-10-01 13:04:02 [-][1][-][info][yii\db\Command::query] SELECT EXISTS(SELECT *
FROM `queue`
WHERE ((`fail`=FALSE) AND (`timeUpdated` IS NULL)) AND (`timePushed` + `delay` <= 1569960242))
2019-10-01 13:04:02 [-][1][-][profile begin][yii\db\Command::query] SELECT EXISTS(SELECT *
FROM `queue`
WHERE ((`fail`=FALSE) AND (`timeUpdated` IS NULL)) AND (`timePushed` + `delay` <= 1569960242))
2019-10-01 13:04:02 [-][1][-][profile end][yii\db\Command::query] SELECT EXISTS(SELECT *
FROM `queue`
WHERE ((`fail`=FALSE) AND (`timeUpdated` IS NULL)) AND (`timePushed` + `delay` <= 1569960242))
2019-10-01 13:04:02 [-][1][-][info][yii\db\Command::query] SELECT *
FROM `queue`
WHERE ((`fail`=FALSE) AND (`timeUpdated` IS NULL)) AND (`timePushed` <= 1569960242 - `delay`)
ORDER BY `priority`, `id`
LIMIT 1
2019-10-01 13:04:02 [-][1][-][profile begin][yii\db\Command::query] SELECT *
FROM `queue`
WHERE ((`fail`=FALSE) AND (`timeUpdated` IS NULL)) AND (`timePushed` <= 1569960242 - `delay`)
ORDER BY `priority`, `id`
LIMIT 1
2019-10-01 13:04:02 [-][1][-][profile end][yii\db\Command::query] SELECT *
FROM `queue`
WHERE ((`fail`=FALSE) AND (`timeUpdated` IS NULL)) AND (`timePushed` <= 1569960242 - `delay`)
ORDER BY `priority`, `id`
LIMIT 1
2019-10-01 13:04:02 [-][1][-][info][yii\db\Command::execute] UPDATE `queue` SET `dateReserved`='2019-10-01 20:04:02', `timeUpdated`=1569960242, `attempt`=1 WHERE `id`='2'
2019-10-01 13:04:02 [-][1][-][profile begin][yii\db\Command::execute] UPDATE `queue` SET `dateReserved`='2019-10-01 20:04:02', `timeUpdated`=1569960242, `attempt`=1 WHERE `id`='2'
2019-10-01 13:04:02 [-][1][-][profile end][yii\db\Command::execute] UPDATE `queue` SET `dateReserved`='2019-10-01 20:04:02', `timeUpdated`=1569960242, `attempt`=1 WHERE `id`='2'
2019-10-01 13:04:02 [-][1][-][info][craft\queue\QueueLogBehavior::beforeExec]  [2] Updating search indexes (attempt: 1) - Started
2019-10-01 13:04:02 [-][1][-][info][yii\db\Command::query] SELECT `elements`.`id`, `elements`.`fieldLayoutId`, `elements`.`uid`, `elements`.`enabled`, `elements`.`archived`, `elements`.`dateCreated`, `elements`.`dateUpdated`, `elements_sites`.`slug`, `elements_sites`.`siteId`, `elements_sites`.`enabled` AS `enabledForSite`, `elements_sites`.`uri`, `entries`.`sectionId`, `entries`.`typeId`, `entries`.`authorId`, `entries`.`postDate`, `entries`.`expiryDate`, `content`.`id` AS `contentId`, `content`.`title`, `structureelements`.`root`, `structureelements`.`lft`, `structureelements`.`rgt`, `structureelements`.`level`, `structureelements`.`structureId`
FROM (SELECT `elements`.`id` AS `elementsId`, `elements_sites`.`id` AS `elementsSitesId`, `content`.`id` AS `contentId`, `structureelements`.`structureId`
FROM `elements` `elements`
INNER JOIN `entries` `entries` ON `entries`.`id` = `elements`.`id`
INNER JOIN `elements_sites` `elements_sites` ON `elements_sites`.`elementId` = `elements`.`id`
INNER JOIN `content` `content` ON (`content`.`elementId` = `elements`.`id`) AND (`content`.`siteId` = `elements_sites`.`siteId`)
LEFT JOIN `structureelements` `structureelements` ON (`structureelements`.`elementId` = `elements`.`id`) AND (EXISTS (SELECT *
FROM `structures`
WHERE (`id` = `structureelements`.`structureId`) AND (`dateDeleted` IS NULL)))
WHERE (`elements`.`id`=3) AND (`elements`.`archived`=FALSE) AND (`elements`.`dateDeleted` IS NULL) AND (`elements`.`draftId` IS NULL) AND (`elements`.`revisionId` IS NULL)
ORDER BY `structureelements`.`lft`, `entries`.`postDate` DESC) `subquery`
INNER JOIN `entries` `entries` ON `entries`.`id` = `subquery`.`elementsId`
INNER JOIN `elements` `elements` ON `elements`.`id` = `subquery`.`elementsId`
INNER JOIN `elements_sites` `elements_sites` ON `elements_sites`.`id` = `subquery`.`elementsSitesId`
INNER JOIN `content` `content` ON `content`.`id` = `subquery`.`contentId`
LEFT JOIN `structureelements` `structureelements` ON (`structureelements`.`elementId` = `subquery`.`elementsId`) AND (`structureelements`.`structureId` = `subquery`.`structureId`)
ORDER BY `structureelements`.`lft`, `entries`.`postDate` DESC
2019-10-01 13:04:02 [-][1][-][profile begin][yii\db\Command::query] SELECT `elements`.`id`, `elements`.`fieldLayoutId`, `elements`.`uid`, `elements`.`enabled`, `elements`.`archived`, `elements`.`dateCreated`, `elements`.`dateUpdated`, `elements_sites`.`slug`, `elements_sites`.`siteId`, `elements_sites`.`enabled` AS `enabledForSite`, `elements_sites`.`uri`, `entries`.`sectionId`, `entries`.`typeId`, `entries`.`authorId`, `entries`.`postDate`, `entries`.`expiryDate`, `content`.`id` AS `contentId`, `content`.`title`, `structureelements`.`root`, `structureelements`.`lft`, `structureelements`.`rgt`, `structureelements`.`level`, `structureelements`.`structureId`
FROM (SELECT `elements`.`id` AS `elementsId`, `elements_sites`.`id` AS `elementsSitesId`, `content`.`id` AS `contentId`, `structureelements`.`structureId`
FROM `elements` `elements`
INNER JOIN `entries` `entries` ON `entries`.`id` = `elements`.`id`
INNER JOIN `elements_sites` `elements_sites` ON `elements_sites`.`elementId` = `elements`.`id`
INNER JOIN `content` `content` ON (`content`.`elementId` = `elements`.`id`) AND (`content`.`siteId` = `elements_sites`.`siteId`)
LEFT JOIN `structureelements` `structureelements` ON (`structureelements`.`elementId` = `elements`.`id`) AND (EXISTS (SELECT *
FROM `structures`
WHERE (`id` = `structureelements`.`structureId`) AND (`dateDeleted` IS NULL)))
WHERE (`elements`.`id`=3) AND (`elements`.`archived`=FALSE) AND (`elements`.`dateDeleted` IS NULL) AND (`elements`.`draftId` IS NULL) AND (`elements`.`revisionId` IS NULL)
ORDER BY `structureelements`.`lft`, `entries`.`postDate` DESC) `subquery`
INNER JOIN `entries` `entries` ON `entries`.`id` = `subquery`.`elementsId`
INNER JOIN `elements` `elements` ON `elements`.`id` = `subquery`.`elementsId`
INNER JOIN `elements_sites` `elements_sites` ON `elements_sites`.`id` = `subquery`.`elementsSitesId`
INNER JOIN `content` `content` ON `content`.`id` = `subquery`.`contentId`
LEFT JOIN `structureelements` `structureelements` ON (`structureelements`.`elementId` = `subquery`.`elementsId`) AND (`structureelements`.`structureId` = `subquery`.`structureId`)
ORDER BY `structureelements`.`lft`, `entries`.`postDate` DESC
2019-10-01 13:04:02 [-][1][-][profile end][yii\db\Command::query] SELECT `elements`.`id`, `elements`.`fieldLayoutId`, `elements`.`uid`, `elements`.`enabled`, `elements`.`archived`, `elements`.`dateCreated`, `elements`.`dateUpdated`, `elements_sites`.`slug`, `elements_sites`.`siteId`, `elements_sites`.`enabled` AS `enabledForSite`, `elements_sites`.`uri`, `entries`.`sectionId`, `entries`.`typeId`, `entries`.`authorId`, `entries`.`postDate`, `entries`.`expiryDate`, `content`.`id` AS `contentId`, `content`.`title`, `structureelements`.`root`, `structureelements`.`lft`, `structureelements`.`rgt`, `structureelements`.`level`, `structureelements`.`structureId`
FROM (SELECT `elements`.`id` AS `elementsId`, `elements_sites`.`id` AS `elementsSitesId`, `content`.`id` AS `contentId`, `structureelements`.`structureId`
FROM `elements` `elements`
INNER JOIN `entries` `entries` ON `entries`.`id` = `elements`.`id`
INNER JOIN `elements_sites` `elements_sites` ON `elements_sites`.`elementId` = `elements`.`id`
INNER JOIN `content` `content` ON (`content`.`elementId` = `elements`.`id`) AND (`content`.`siteId` = `elements_sites`.`siteId`)
LEFT JOIN `structureelements` `structureelements` ON (`structureelements`.`elementId` = `elements`.`id`) AND (EXISTS (SELECT *
FROM `structures`
WHERE (`id` = `structureelements`.`structureId`) AND (`dateDeleted` IS NULL)))
WHERE (`elements`.`id`=3) AND (`elements`.`archived`=FALSE) AND (`elements`.`dateDeleted` IS NULL) AND (`elements`.`draftId` IS NULL) AND (`elements`.`revisionId` IS NULL)
ORDER BY `structureelements`.`lft`, `entries`.`postDate` DESC) `subquery`
INNER JOIN `entries` `entries` ON `entries`.`id` = `subquery`.`elementsId`
INNER JOIN `elements` `elements` ON `elements`.`id` = `subquery`.`elementsId`
INNER JOIN `elements_sites` `elements_sites` ON `elements_sites`.`id` = `subquery`.`elementsSitesId`
INNER JOIN `content` `content` ON `content`.`id` = `subquery`.`contentId`
LEFT JOIN `structureelements` `structureelements` ON (`structureelements`.`elementId` = `subquery`.`elementsId`) AND (`structureelements`.`structureId` = `subquery`.`structureId`)
ORDER BY `structureelements`.`lft`, `entries`.`postDate` DESC
2019-10-01 13:04:02 [-][1][-][info][yii\db\Command::execute] UPDATE `queue` SET `progress`=100, `timeUpdated`=1569960242 WHERE `id`='2'
2019-10-01 13:04:02 [-][1][-][profile begin][yii\db\Command::execute] UPDATE `queue` SET `progress`=100, `timeUpdated`=1569960242 WHERE `id`='2'
2019-10-01 13:04:02 [-][1][-][profile end][yii\db\Command::execute] UPDATE `queue` SET `progress`=100, `timeUpdated`=1569960242 WHERE `id`='2'
2019-10-01 13:04:02 [-][1][-][info][yii\db\Command::execute] DELETE FROM `searchindex` WHERE (`elementId`=3) AND (`attribute`='slug') AND (`fieldId`='0') AND (`siteId`=1)
2019-10-01 13:04:02 [-][1][-][profile begin][yii\db\Command::execute] DELETE FROM `searchindex` WHERE (`elementId`=3) AND (`attribute`='slug') AND (`fieldId`='0') AND (`siteId`=1)
2019-10-01 13:04:02 [-][1][-][profile end][yii\db\Command::execute] DELETE FROM `searchindex` WHERE (`elementId`=3) AND (`attribute`='slug') AND (`fieldId`='0') AND (`siteId`=1)
2019-10-01 13:04:02 [-][1][-][info][yii\db\Command::query] SHOW FULL COLUMNS FROM `searchindex`
2019-10-01 13:04:02 [-][1][-][profile begin][yii\db\Command::query] SHOW FULL COLUMNS FROM `searchindex`
2019-10-01 13:04:02 [-][1][-][profile end][yii\db\Command::query] SHOW FULL COLUMNS FROM `searchindex`
2019-10-01 13:04:02 [-][1][-][info][yii\db\Command::query] SELECT
    kcu.constraint_name,
    kcu.column_name,
    kcu.referenced_table_name,
    kcu.referenced_column_name
FROM information_schema.referential_constraints AS rc
JOIN information_schema.key_column_usage AS kcu ON
    (
        kcu.constraint_catalog = rc.constraint_catalog OR
        (kcu.constraint_catalog IS NULL AND rc.constraint_catalog IS NULL)
    ) AND
    kcu.constraint_schema = rc.constraint_schema AND
    kcu.constraint_name = rc.constraint_name
WHERE rc.constraint_schema = database() AND kcu.table_schema = database()
AND rc.table_name = 'searchindex' AND kcu.table_name = 'searchindex'
2019-10-01 13:04:02 [-][1][-][profile begin][yii\db\Command::query] SELECT
    kcu.constraint_name,
    kcu.column_name,
    kcu.referenced_table_name,
    kcu.referenced_column_name
FROM information_schema.referential_constraints AS rc
JOIN information_schema.key_column_usage AS kcu ON
    (
        kcu.constraint_catalog = rc.constraint_catalog OR
        (kcu.constraint_catalog IS NULL AND rc.constraint_catalog IS NULL)
    ) AND
    kcu.constraint_schema = rc.constraint_schema AND
    kcu.constraint_name = rc.constraint_name
WHERE rc.constraint_schema = database() AND kcu.table_schema = database()
AND rc.table_name = 'searchindex' AND kcu.table_name = 'searchindex'
2019-10-01 13:04:02 [-][1][-][profile end][yii\db\Command::query] SELECT
    kcu.constraint_name,
    kcu.column_name,
    kcu.referenced_table_name,
    kcu.referenced_column_name
FROM information_schema.referential_constraints AS rc
JOIN information_schema.key_column_usage AS kcu ON
    (
        kcu.constraint_catalog = rc.constraint_catalog OR
        (kcu.constraint_catalog IS NULL AND rc.constraint_catalog IS NULL)
    ) AND
    kcu.constraint_schema = rc.constraint_schema AND
    kcu.constraint_name = rc.constraint_name
WHERE rc.constraint_schema = database() AND kcu.table_schema = database()
AND rc.table_name = 'searchindex' AND kcu.table_name = 'searchindex'
2019-10-01 13:04:02 [-][1][-][info][yii\db\Command::query] SELECT
    kcu.constraint_name,
    kcu.column_name,
    kcu.referenced_table_name,
    kcu.referenced_column_name,
    rc.UPDATE_RULE,
    rc.DELETE_RULE
FROM information_schema.referential_constraints AS rc
JOIN information_schema.key_column_usage AS kcu ON
    (
        kcu.constraint_catalog = rc.constraint_catalog OR
        (kcu.constraint_catalog IS NULL AND rc.constraint_catalog IS NULL)
    ) AND
    kcu.constraint_schema = rc.constraint_schema AND
    kcu.constraint_name = rc.constraint_name
WHERE rc.constraint_schema = database() AND kcu.table_schema = database()
AND rc.table_name = 'searchindex' AND kcu.table_name = 'searchindex'
2019-10-01 13:04:02 [-][1][-][profile begin][yii\db\Command::query] SELECT
    kcu.constraint_name,
    kcu.column_name,
    kcu.referenced_table_name,
    kcu.referenced_column_name,
    rc.UPDATE_RULE,
    rc.DELETE_RULE
FROM information_schema.referential_constraints AS rc
JOIN information_schema.key_column_usage AS kcu ON
    (
        kcu.constraint_catalog = rc.constraint_catalog OR
        (kcu.constraint_catalog IS NULL AND rc.constraint_catalog IS NULL)
    ) AND
    kcu.constraint_schema = rc.constraint_schema AND
    kcu.constraint_name = rc.constraint_name
WHERE rc.constraint_schema = database() AND kcu.table_schema = database()
AND rc.table_name = 'searchindex' AND kcu.table_name = 'searchindex'
2019-10-01 13:04:02 [-][1][-][profile end][yii\db\Command::query] SELECT
    kcu.constraint_name,
    kcu.column_name,
    kcu.referenced_table_name,
    kcu.referenced_column_name,
    rc.UPDATE_RULE,
    rc.DELETE_RULE
FROM information_schema.referential_constraints AS rc
JOIN information_schema.key_column_usage AS kcu ON
    (
        kcu.constraint_catalog = rc.constraint_catalog OR
        (kcu.constraint_catalog IS NULL AND rc.constraint_catalog IS NULL)
    ) AND
    kcu.constraint_schema = rc.constraint_schema AND
    kcu.constraint_name = rc.constraint_name
WHERE rc.constraint_schema = database() AND kcu.table_schema = database()
AND rc.table_name = 'searchindex' AND kcu.table_name = 'searchindex'
2019-10-01 13:04:02 [-][1][-][info][yii\db\Command::execute] INSERT INTO `searchindex` (`elementId`, `attribute`, `fieldId`, `siteId`, `keywords`) VALUES (3, 'slug', 0, 1, ' about ')
2019-10-01 13:04:02 [-][1][-][profile begin][yii\db\Command::execute] INSERT INTO `searchindex` (`elementId`, `attribute`, `fieldId`, `siteId`, `keywords`) VALUES (3, 'slug', 0, 1, ' about ')
2019-10-01 13:04:02 [-][1][-][profile end][yii\db\Command::execute] INSERT INTO `searchindex` (`elementId`, `attribute`, `fieldId`, `siteId`, `keywords`) VALUES (3, 'slug', 0, 1, ' about ')
2019-10-01 13:04:02 [-][1][-][info][yii\db\Command::execute] DELETE FROM `searchindex` WHERE (`elementId`=3) AND (`attribute`='title') AND (`fieldId`='0') AND (`siteId`=1)
2019-10-01 13:04:02 [-][1][-][profile begin][yii\db\Command::execute] DELETE FROM `searchindex` WHERE (`elementId`=3) AND (`attribute`='title') AND (`fieldId`='0') AND (`siteId`=1)
2019-10-01 13:04:02 [-][1][-][profile end][yii\db\Command::execute] DELETE FROM `searchindex` WHERE (`elementId`=3) AND (`attribute`='title') AND (`fieldId`='0') AND (`siteId`=1)
2019-10-01 13:04:02 [-][1][-][info][yii\db\Command::execute] INSERT INTO `searchindex` (`elementId`, `attribute`, `fieldId`, `siteId`, `keywords`) VALUES (3, 'title', 0, 1, ' about ')
2019-10-01 13:04:02 [-][1][-][profile begin][yii\db\Command::execute] INSERT INTO `searchindex` (`elementId`, `attribute`, `fieldId`, `siteId`, `keywords`) VALUES (3, 'title', 0, 1, ' about ')
2019-10-01 13:04:02 [-][1][-][profile end][yii\db\Command::execute] INSERT INTO `searchindex` (`elementId`, `attribute`, `fieldId`, `siteId`, `keywords`) VALUES (3, 'title', 0, 1, ' about ')
2019-10-01 13:04:02 [-][1][-][info][yii\db\Command::query] SELECT `sections`.`id`, `sections`.`structureId`, `sections`.`name`, `sections`.`handle`, `sections`.`type`, `sections`.`enableVersioning`, `sections`.`uid`, `structures`.`maxLevels`, `sections`.`propagationMethod`, `sections`.`previewTargets`
FROM `sections` `sections`
LEFT JOIN `structures` `structures` ON (`structures`.`id` = `sections`.`structureId`) AND (`structures`.`dateDeleted` IS NULL)
WHERE `sections`.`dateDeleted` IS NULL
ORDER BY `name`
2019-10-01 13:04:02 [-][1][-][profile begin][yii\db\Command::query] SELECT `sections`.`id`, `sections`.`structureId`, `sections`.`name`, `sections`.`handle`, `sections`.`type`, `sections`.`enableVersioning`, `sections`.`uid`, `structures`.`maxLevels`, `sections`.`propagationMethod`, `sections`.`previewTargets`
FROM `sections` `sections`
LEFT JOIN `structures` `structures` ON (`structures`.`id` = `sections`.`structureId`) AND (`structures`.`dateDeleted` IS NULL)
WHERE `sections`.`dateDeleted` IS NULL
ORDER BY `name`
2019-10-01 13:04:02 [-][1][-][profile end][yii\db\Command::query] SELECT `sections`.`id`, `sections`.`structureId`, `sections`.`name`, `sections`.`handle`, `sections`.`type`, `sections`.`enableVersioning`, `sections`.`uid`, `structures`.`maxLevels`, `sections`.`propagationMethod`, `sections`.`previewTargets`
FROM `sections` `sections`
LEFT JOIN `structures` `structures` ON (`structures`.`id` = `sections`.`structureId`) AND (`structures`.`dateDeleted` IS NULL)
WHERE `sections`.`dateDeleted` IS NULL
ORDER BY `name`
2019-10-01 13:04:02 [-][1][-][info][yii\db\Command::query] SELECT `id`, `sectionId`, `fieldLayoutId`, `name`, `handle`, `hasTitleField`, `titleLabel`, `titleFormat`, `uid`
FROM `entrytypes`
WHERE (`dateDeleted` IS NULL) AND (`sectionId`=1)
ORDER BY `sortOrder`
2019-10-01 13:04:02 [-][1][-][profile begin][yii\db\Command::query] SELECT `id`, `sectionId`, `fieldLayoutId`, `name`, `handle`, `hasTitleField`, `titleLabel`, `titleFormat`, `uid`
FROM `entrytypes`
WHERE (`dateDeleted` IS NULL) AND (`sectionId`=1)
ORDER BY `sortOrder`
2019-10-01 13:04:02 [-][1][-][profile end][yii\db\Command::query] SELECT `id`, `sectionId`, `fieldLayoutId`, `name`, `handle`, `hasTitleField`, `titleLabel`, `titleFormat`, `uid`
FROM `entrytypes`
WHERE (`dateDeleted` IS NULL) AND (`sectionId`=1)
ORDER BY `sortOrder`
2019-10-01 13:04:02 [-][1][-][info][craft\queue\QueueLogBehavior::afterExec]  [2] Updating search indexes (attempt: 1) - Done (time: 0.034s)
2019-10-01 13:04:02 [-][1][-][info][yii\db\Command::execute] DELETE FROM `queue` WHERE `id`='2'
2019-10-01 13:04:02 [-][1][-][profile begin][yii\db\Command::execute] DELETE FROM `queue` WHERE `id`='2'
2019-10-01 13:04:02 [-][1][-][profile end][yii\db\Command::execute] DELETE FROM `queue` WHERE `id`='2'
2019-10-01 13:04:02 [-][1][-][info][yii\db\Command::query] SELECT *
FROM `queue`
WHERE ((`fail`=FALSE) AND (`timeUpdated` IS NULL)) AND (`timePushed` <= 1569960242 - `delay`)
ORDER BY `priority`, `id`
LIMIT 1
2019-10-01 13:04:02 [-][1][-][profile begin][yii\db\Command::query] SELECT *
FROM `queue`
WHERE ((`fail`=FALSE) AND (`timeUpdated` IS NULL)) AND (`timePushed` <= 1569960242 - `delay`)
ORDER BY `priority`, `id`
LIMIT 1
2019-10-01 13:04:02 [-][1][-][profile end][yii\db\Command::query] SELECT *
FROM `queue`
WHERE ((`fail`=FALSE) AND (`timeUpdated` IS NULL)) AND (`timePushed` <= 1569960242 - `delay`)
ORDER BY `priority`, `id`
LIMIT 1
2019-10-01 13:04:02 [-][1][-][info][yii\db\Command::execute] UPDATE `queue` SET `dateReserved`='2019-10-01 20:04:02', `timeUpdated`=1569960242, `attempt`=1 WHERE `id`='3'
2019-10-01 13:04:02 [-][1][-][profile begin][yii\db\Command::execute] UPDATE `queue` SET `dateReserved`='2019-10-01 20:04:02', `timeUpdated`=1569960242, `attempt`=1 WHERE `id`='3'
2019-10-01 13:04:02 [-][1][-][profile end][yii\db\Command::execute] UPDATE `queue` SET `dateReserved`='2019-10-01 20:04:02', `timeUpdated`=1569960242, `attempt`=1 WHERE `id`='3'
2019-10-01 13:04:02 [-][1][-][info][craft\queue\QueueLogBehavior::beforeExec]  [3] Deleting stale template caches (attempt: 1) - Started
2019-10-01 13:04:02 [-][1][-][info][yii\db\Command::query] SELECT DISTINCT `type`
FROM `elements`
WHERE `id`=3
2019-10-01 13:04:02 [-][1][-][profile begin][yii\db\Command::query] SELECT DISTINCT `type`
FROM `elements`
WHERE `id`=3
2019-10-01 13:04:02 [-][1][-][profile end][yii\db\Command::query] SELECT DISTINCT `type`
FROM `elements`
WHERE `id`=3
2019-10-01 13:04:02 [-][1][-][info][yii\db\Command::query] SELECT `id`
FROM `templatecaches`
WHERE `expiryDate` <= '2019-10-01 20:04:02'
2019-10-01 13:04:02 [-][1][-][profile begin][yii\db\Command::query] SELECT `id`
FROM `templatecaches`
WHERE `expiryDate` <= '2019-10-01 20:04:02'
2019-10-01 13:04:02 [-][1][-][profile end][yii\db\Command::query] SELECT `id`
FROM `templatecaches`
WHERE `expiryDate` <= '2019-10-01 20:04:02'
2019-10-01 13:04:02 [-][1][-][info][yii\db\Command::query] SELECT COUNT(`id`)
FROM `templatecachequeries`
WHERE `type`='craft\\elements\\Entry'
2019-10-01 13:04:02 [-][1][-][profile begin][yii\db\Command::query] SELECT COUNT(`id`)
FROM `templatecachequeries`
WHERE `type`='craft\\elements\\Entry'
2019-10-01 13:04:02 [-][1][-][profile end][yii\db\Command::query] SELECT COUNT(`id`)
FROM `templatecachequeries`
WHERE `type`='craft\\elements\\Entry'
2019-10-01 13:04:02 [-][1][-][info][craft\queue\QueueLogBehavior::afterExec]  [3] Deleting stale template caches (attempt: 1) - Done (time: 0.008s)
2019-10-01 13:04:02 [-][1][-][info][yii\db\Command::execute] DELETE FROM `queue` WHERE `id`='3'
2019-10-01 13:04:02 [-][1][-][profile begin][yii\db\Command::execute] DELETE FROM `queue` WHERE `id`='3'
2019-10-01 13:04:02 [-][1][-][profile end][yii\db\Command::execute] DELETE FROM `queue` WHERE `id`='3'
2019-10-01 13:04:02 [-][1][-][info][yii\db\Command::query] SELECT *
FROM `queue`
WHERE ((`fail`=FALSE) AND (`timeUpdated` IS NULL)) AND (`timePushed` <= 1569960242 - `delay`)
ORDER BY `priority`, `id`
LIMIT 1
2019-10-01 13:04:02 [-][1][-][profile begin][yii\db\Command::query] SELECT *
FROM `queue`
WHERE ((`fail`=FALSE) AND (`timeUpdated` IS NULL)) AND (`timePushed` <= 1569960242 - `delay`)
ORDER BY `priority`, `id`
LIMIT 1
2019-10-01 13:04:02 [-][1][-][profile end][yii\db\Command::query] SELECT *
FROM `queue`
WHERE ((`fail`=FALSE) AND (`timeUpdated` IS NULL)) AND (`timePushed` <= 1569960242 - `delay`)
ORDER BY `priority`, `id`
LIMIT 1
